#
# There is insufficient memory for the Java Runtime Environment to continue.
# Native memory allocation (mmap) failed to map 208666624 bytes for G1 virtual space
# Possible reasons:
#   The system is out of physical RAM or swap space
#   The process is running with CompressedOops enabled, and the Java Heap may be blocking the growth of the native heap
# Possible solutions:
#   Reduce memory load on the system
#   Increase physical memory or swap space
#   Check if swap backing store is full
#   Decrease Java heap size (-Xmx/-Xms)
#   Decrease number of Java threads
#   Decrease Java thread stack sizes (-Xss)
#   Set larger code cache with -XX:ReservedCodeCacheSize=
#   JVM is running with Unscaled Compressed Oops mode in which the Java heap is
#     placed in the first 4GB address space. The Java Heap base address is the
#     maximum limit for the native heap growth. Please use -XX:HeapBaseMinAddress
#     to set the Java Heap base and to place the Java Heap above 4GB virtual address.
# This output file may be truncated or incomplete.
#
#  Out of Memory Error (os_windows.cpp:3548), pid=13300, tid=30132
#
# JRE version: Java(TM) SE Runtime Environment (17.0.12+8) (build 17.0.12+8-LTS-286)
# Java VM: Java HotSpot(TM) 64-Bit Server VM (17.0.12+8-LTS-286, mixed mode, emulated-client, sharing, tiered, compressed oops, compressed class ptrs, g1 gc, windows-amd64)
# No core dump will be written. Minidumps are not enabled by default on client versions of Windows
#

---------------  S U M M A R Y ------------

Command Line: -Dcom.sun.management.jmxremote -Dcom.sun.management.jmxremote.port=65521 -Dcom.sun.management.jmxremote.authenticate=false -Dcom.sun.management.jmxremote.ssl=false -Djava.rmi.server.hostname=localhost -Dspring.jmx.enabled=true -Dmanagement.endpoints.jmx.exposure.include=* -Dspring.application.admin.enabled=true -Dspring.output.ansi.enabled=always -XX:TieredStopAtLevel=1 -Dspring.boot.project.name=gere-demande -Dfile.encoding=UTF-8 -Dstdout.encoding=UTF-8 -Dstderr.encoding=UTF-8 -XX:+ShowCodeDetailsInExceptionMessages com.cmdpfe.demande.GereDemandeApplication

Host: AMD Ryzen 7 6800H with Radeon Graphics         , 16 cores, 7G,  Windows 11 , 64 bit Build 26100 (10.0.26100.3775)
Time: Mon May  5 23:58:11 2025 Paris, Madrid (heure duild 26100 (10.0.26100.3775) elapsed time: 21.041454 seconds (0d 0h 0m 21s)

---------------  T H R E A D  ---------------

Current thread (0x0000024495f99a60):  VMThread "VM Thread" [stack: 0x000000c955900000,0x000000c955a00000] [id=30132]

Stack: [0x000000c955900000,0x000000c955a00000]
Native frames: (J=compiled Java code, j=interpreted, Vv=VM code, C=native code)
V  [jvm.dll+0x67a04a]
V  [jvm.dll+0x7da4ed]
V  [jvm.dll+0x7dbe33]
V  [jvm.dll+0x7dc4a3]
V  [jvm.dll+0x24508f]
V  [jvm.dll+0x677089]
V  [jvm.dll+0x66bd32]
V  [jvm.dll+0x301fa6]
V  [jvm.dll+0x309546]
V  [jvm.dll+0x359d2e]
V  [jvm.dll+0x359f5f]
V  [jvm.dll+0x2d9078]
V  [jvm.dll+0x2d74ad]
V  [jvm.dll+0x2d6afc]
V  [jvm.dll+0x31a65b]
V  [jvm.dll+0x7e0d9b]
V  [jvm.dll+0x7e1ad4]
V  [jvm.dll+0x7e1fed]
V  [jvm.dll+0x7e23c4]
V  [jvm.dll+0x7e2490]
V  [jvm.dll+0x78abea]
V  [jvm.dll+0x678f35]
C  [ucrtbase.dll+0x37b0]
C  [KERNEL32.DLL+0x2e8d7]
C  [ntdll.dll+0xb14fc]

VM_Operation (0x000000c9577fb250): G1CollectForAllocation, mode: safepoint, requested by thread 0x0000024496bb71a0


---------------  P R O C E S S  ---------------

Threads class SMR info:
_java_thread_list=0x00000244dc6fa310, length=33, elements={
0x00000244844f8130, 0x0000024495f9dfc0, 0x0000024495fa0aa0, 0x0000024495fb4f10,
0x0000024495fb57e0, 0x0000024495fb70c0, 0x0000024495fbb6a0, 0x0000024495fc3f80,
0x0000024495fd68b0, 0x0000024496bb6c90, 0x0000024496bbe250, 0x0000024496bb76b0,
0x0000024496bb9a20, 0x0000024496bb9000, 0x0000024496bb7bc0, 0x0000024496bb80d0,
0x0000024496bb6270, 0x0000024496bb6780, 0x0000024496bb85e0, 0x0000024496bb9510,
0x0000024496bb71a0, 0x00000244dc7d9f40, 0x00000244dcdfbc70, 0x00000244dc352550,
0x00000244dd8feab0, 0x00000244dd900910, 0x00000244dd901330, 0x00000244dd8ff4d0,
0x00000244dd8ff9e0, 0x00000244dd900400, 0x00000244dd8fefc0, 0x00000244dd900e20,
0x00000244dd8ffef0
}

Java Threads: ( => current thread )
  0x00000244844f8130 JavaThread "main" [_thread_blocked, id=30656, stack(0x000000c955300000,0x000000c955400000)]
  0x0000024495f9dfc0 JavaThread "Reference Handler" daemon [_thread_blocked, id=13200, stack(0x000000c955a00000,0x000000c955b00000)]
  0x0000024495fa0aa0 JavaThread "Finalizer" daemon [_thread_blocked, id=26868, stack(0x000000c955b00000,0x000000c955c00000)]
  0x0000024495fb4f10 JavaThread "Signal Dispatcher" daemon [_thread_blocked, id=16040, stack(0x000000c955c00000,0x000000c955d00000)]
  0x0000024495fb57e0 JavaThread "Attach Listener" daemon [_thread_blocked, id=2036, stack(0x000000c955d00000,0x000000c955e00000)]
  0x0000024495fb70c0 JavaThread "Service Thread" daemon [_thread_blocked, id=2808, stack(0x000000c955e00000,0x000000c955f00000)]
  0x0000024495fbb6a0 JavaThread "Monitor Deflation Thread" daemon [_thread_blocked, id=26496, stack(0x000000c955f00000,0x000000c956000000)]
  0x0000024495fc3f80 JavaThread "C1 CompilerThread0" daemon [_thread_blocked, id=25944, stack(0x000000c956000000,0x000000c956100000)]
  0x0000024495fd68b0 JavaThread "Sweeper thread" daemon [_thread_blocked, id=26740, stack(0x000000c956100000,0x000000c956200000)]
  0x0000024496bb6c90 JavaThread "Common-Cleaner" daemon [_thread_blocked, id=13680, stack(0x000000c956200000,0x000000c956300000)]
  0x0000024496bbe250 JavaThread "C1 CompilerThread1" daemon [_thread_blocked, id=6760, stack(0x000000c956300000,0x000000c956400000)]
  0x0000024496bb76b0 JavaThread "Notification Thread" daemon [_thread_blocked, id=8108, stack(0x000000c956500000,0x000000c956600000)]
  0x0000024496bb9a20 JavaThread "RMI TCP Accept-0" daemon [_thread_in_native, id=19480, stack(0x000000c956600000,0x000000c956700000)]
  0x0000024496bb9000 JavaThread "RMI TCP Accept-65521" daemon [_thread_in_native, id=17944, stack(0x000000c956700000,0x000000c956800000)]
  0x0000024496bb7bc0 JavaThread "RMI TCP Accept-0" daemon [_thread_in_native, id=9176, stack(0x000000c956800000,0x000000c956900000)]
  0x0000024496bb80d0 JavaThread "RMI TCP Connection(1)-127.0.0.1" daemon [_thread_in_native, id=3428, stack(0x000000c956a00000,0x000000c956b00000)]
  0x0000024496bb6270 JavaThread "RMI Scheduler(0)" daemon [_thread_blocked, id=31316, stack(0x000000c956b00000,0x000000c956c00000)]
  0x0000024496bb6780 JavaThread "RMI TCP Connection(2)-127.0.0.1" daemon [_thread_blocked, id=18728, stack(0x000000c956c00000,0x000000c956d00000)]
  0x0000024496bb85e0 JavaThread "JMX server connection timeout 30" daemon [_thread_blocked, id=31928, stack(0x000000c956e00000,0x000000c956f00000)]
  0x0000024496bb9510 JavaThread "Thread-0" [_thread_blocked, id=33540, stack(0x000000c957600000,0x000000c957700000)]
  0x0000024496bb71a0 JavaThread "restartedMain" [_thread_blocked, id=20368, stack(0x000000c957700000,0x000000c957800000)]
  0x00000244dc7d9f40 JavaThread "C1 CompilerThread2" daemon [_thread_blocked, id=32888, stack(0x000000c956400000,0x000000c956500000)]
  0x00000244dcdfbc70 JavaThread "C1 CompilerThread3" daemon [_thread_blocked, id=6616, stack(0x000000c956d00000,0x000000c956e00000)]
  0x00000244dc352550 JavaThread "C1 CompilerThread4" daemon [_thread_blocked, id=23056, stack(0x000000c957b00000,0x000000c957c00000)]
  0x00000244dd8feab0 JavaThread "Catalina-utility-1" [_thread_blocked, id=9036, stack(0x000000c958000000,0x000000c958100000)]
  0x00000244dd900910 JavaThread "Catalina-utility-2" [_thread_blocked, id=29944, stack(0x000000c958100000,0x000000c958200000)]
  0x00000244dd901330 JavaThread "container-0" [_thread_blocked, id=22384, stack(0x000000c958200000,0x000000c958300000)]
  0x00000244dd8ff4d0 JavaThread "oracle.jdbc.diagnostics.Diagnostic.CLOCK" daemon [_thread_blocked, id=23936, stack(0x000000c958300000,0x000000c958400000)]
  0x00000244dd8ff9e0 JavaThread "oracle.jdbc.driver.BlockSource.ThreadedCachingBlockSource.BlockReleaser" daemon [_thread_blocked, id=21492, stack(0x000000c958400000,0x000000c958500000)]
  0x00000244dd900400 JavaThread "InterruptTimer" daemon [_thread_blocked, id=23732, stack(0x000000c958600000,0x000000c958700000)]
  0x00000244dd8fefc0 JavaThread "OJDBC-WORKER-THREAD-1" daemon [_thread_blocked, id=29840, stack(0x000000c958700000,0x000000c958800000)]
  0x00000244dd900e20 JavaThread "HikariPool-1 housekeeper" daemon [_thread_blocked, id=444, stack(0x000000c958800000,0x000000c958900000)]
  0x00000244dd8ffef0 JavaThread "HikariPool-1 connection adder" daemon [_thread_blocked, id=32524, stack(0x000000c958900000,0x000000c958a00000)]

Other Threads:
=>0x0000024495f99a60 VMThread "VM Thread" [stack: 0x000000c955900000,0x000000c955a00000] [id=30132]
  0x00000244dc46b2f0 WatcherThread [stack: 0x000000c956900000,0x000000c956a00000] [id=18548]
  0x000002448454f170 GCTaskThread "GC Thread#0" [stack: 0x000000c955400000,0x000000c955500000] [id=23392]
  0x00000244dc7b1e10 GCTaskThread "GC Thread#1" [stack: 0x000000c956f00000,0x000000c957000000] [id=22088]
  0x00000244dc7e0840 GCTaskThread "GC Thread#2" [stack: 0x000000c957000000,0x000000c957100000] [id=26480]
  0x00000244dc7e0b00 GCTaskThread "GC Thread#3" [stack: 0x000000c957100000,0x000000c957200000] [id=10772]
  0x00000244dc7e4dd0 GCTaskThread "GC Thread#4" [stack: 0x000000c957200000,0x000000c957300000] [id=27436]
  0x00000244dc7e5090 GCTaskThread "GC Thread#5" [stack: 0x000000c957300000,0x000000c957400000] [id=18692]
  0x00000244dc7e5350 GCTaskThread "GC Thread#6" [stack: 0x000000c957400000,0x000000c957500000] [id=27864]
  0x00000244dc7e5610 GCTaskThread "GC Thread#7" [stack: 0x000000c957500000,0x000000c957600000] [id=4152]
  0x00000244dccd7ae0 GCTaskThread "GC Thread#8" [stack: 0x000000c957800000,0x000000c957900000] [id=3308]
  0x00000244dccd7da0 GCTaskThread "GC Thread#9" [stack: 0x000000c957900000,0x000000c957a00000] [id=29820]
  0x00000244dcf90200 GCTaskThread "GC Thread#10" [stack: 0x000000c957a00000,0x000000c957b00000] [id=6284]
  0x00000244dcf904c0 GCTaskThread "GC Thread#11" [stack: 0x000000c957c00000,0x000000c957d00000] [id=28884]
  0x00000244dcf90780 GCTaskThread "GC Thread#12" [stack: 0x000000c957d00000,0x000000c957e00000] [id=10396]
  0x000002448455f4a0 ConcurrentGCThread "G1 Main Marker" [stack: 0x000000c955500000,0x000000c955600000] [id=10880]
  0x0000024484561410 ConcurrentGCThread "G1 Conc#0" [stack: 0x000000c955600000,0x000000c955700000] [id=2440]
  0x00000244dcf90a40 ConcurrentGCThread "G1 Conc#1" [stack: 0x000000c957e00000,0x000000c957f00000] [id=30800]
  0x00000244dcf8f9c0 ConcurrentGCThread "G1 Conc#2" [stack: 0x000000c957f00000,0x000000c958000000] [id=32116]
  0x00000244845ade30 ConcurrentGCThread "G1 Refine#0" [stack: 0x000000c955700000,0x000000c955800000] [id=14464]
  0x00000244dec62940 ConcurrentGCThread "G1 Refine#1" [stack: 0x000000c958a00000,0x000000c958b00000] [id=28028]
  0x00000244845ae610 ConcurrentGCThread "G1 Service" [stack: 0x000000c955800000,0x000000c955900000] [id=19980]

Threads with active compile tasks:

VM state: at safepoint (normal execution)

VM Mutex/Monitor currently owned by a thread:  ([mutex/lock_event])
[0x00000244844f4700] Threads_lock - owner thread: 0x0000024495f99a60
[0x00000244844f5ab0] Heap_lock - owner thread: 0x0000024496bb71a0

Heap address: 0x000000008c000000, size: 1856 MB, Compressed Oops mode: 32-bit

CDS archive(s) mapped at: [0x0000024497000000-0x0000024497bd0000-0x0000024497bd0000), size 12386304, SharedBaseAddress: 0x0000024497000000, ArchiveRelocationMode: 1.
Compressed class space mapped at: 0x0000024498000000-0x00000244d8000000, reserved size: 1073741824
Narrow klass base: 0x0000024497000000, Narrow klass shift: 0, Narrow klass range: 0x100000000

GC Precious Log:
 CPUs: 16 total, 16 available
 Memory: 7421M
 Large Page Support: Disabled
 NUMA Support: Disabled
 Compressed Oops: Enabled (32-bit)
 Heap Region Size: 1M
 Heap Min Capacity: 8M
 Heap Initial Capacity: 116M
 Heap Max Capacity: 1856M
 Pre-touch: Disabled
 Parallel Workers: 13
 Concurrent Workers: 3
 Concurrent Refinement Workers: 13
 Periodic GC: Disabled

Heap:
 garbage-first heap   total 118784K, used 63216K [0x000000008c000000, 0x0000000100000000)
  region size 1024K, 3 young (3072K), 3 survivors (3072K)
 Metaspace       used 73332K, committed 73984K, reserved 1114112K
  class space    used 10953K, committed 11264K, reserved 1048576K

Heap Regions: E=young(eden), S=young(survivor), O=old, HS=humongous(starts), HC=humongous(continues), CS=collection set, F=free, OA=open archive, CA=closed archive, TAMS=top-at-mark-start (previous, next)
|   0|0x000000008c000000, 0x000000008c100000, 0x000000008c100000|100%|HS|  |TAMS 0x000000008c100000, 0x000000008c100000| Complete 
|   1|0x000000008c100000, 0x000000008c200000, 0x000000008c200000|100%|HS|  |TAMS 0x000000008c200000, 0x000000008c200000| Complete 
|   2|0x000000008c200000, 0x000000008c300000, 0x000000008c300000|100%| O|  |TAMS 0x000000008c300000, 0x000000008c300000| Untracked 
|   3|0x000000008c300000, 0x000000008c400000, 0x000000008c400000|100%| O|  |TAMS 0x000000008c400000, 0x000000008c400000| Untracked 
|   4|0x000000008c400000, 0x000000008c500000, 0x000000008c500000|100%| O|  |TAMS 0x000000008c500000, 0x000000008c500000| Untracked 
|   5|0x000000008c500000, 0x000000008c600000, 0x000000008c600000|100%| O|  |TAMS 0x000000008c600000, 0x000000008c600000| Untracked 
|   6|0x000000008c600000, 0x000000008c700000, 0x000000008c700000|100%| O|  |TAMS 0x000000008c700000, 0x000000008c700000| Untracked 
|   7|0x000000008c700000, 0x000000008c800000, 0x000000008c800000|100%| O|  |TAMS 0x000000008c800000, 0x000000008c800000| Untracked 
|   8|0x000000008c800000, 0x000000008c900000, 0x000000008c900000|100%| O|  |TAMS 0x000000008c900000, 0x000000008c900000| Untracked 
|   9|0x000000008c900000, 0x000000008ca00000, 0x000000008ca00000|100%| O|  |TAMS 0x000000008ca00000, 0x000000008ca00000| Untracked 
|  10|0x000000008ca00000, 0x000000008ca00000, 0x000000008cb00000|  0%| F|  |TAMS 0x000000008ca00000, 0x000000008ca00000| Untracked 
|  11|0x000000008cb00000, 0x000000008cc00000, 0x000000008cc00000|100%| O|  |TAMS 0x000000008cc00000, 0x000000008cc00000| Untracked 
|  12|0x000000008cc00000, 0x000000008cd00000, 0x000000008cd00000|100%| O|  |TAMS 0x000000008cd00000, 0x000000008cd00000| Untracked 
|  13|0x000000008cd00000, 0x000000008ce00000, 0x000000008ce00000|100%| O|  |TAMS 0x000000008ce00000, 0x000000008ce00000| Untracked 
|  14|0x000000008ce00000, 0x000000008cf00000, 0x000000008cf00000|100%| O|  |TAMS 0x000000008cf00000, 0x000000008cf00000| Untracked 
|  15|0x000000008cf00000, 0x000000008d000000, 0x000000008d000000|100%| O|  |TAMS 0x000000008d000000, 0x000000008d000000| Untracked 
|  16|0x000000008d000000, 0x000000008d100000, 0x000000008d100000|100%| O|  |TAMS 0x000000008d100000, 0x000000008d100000| Untracked 
|  17|0x000000008d100000, 0x000000008d200000, 0x000000008d200000|100%| O|  |TAMS 0x000000008d200000, 0x000000008d200000| Untracked 
|  18|0x000000008d200000, 0x000000008d300000, 0x000000008d300000|100%| O|  |TAMS 0x000000008d300000, 0x000000008d300000| Untracked 
|  19|0x000000008d300000, 0x000000008d400000, 0x000000008d400000|100%| O|  |TAMS 0x000000008d400000, 0x000000008d400000| Untracked 
|  20|0x000000008d400000, 0x000000008d500000, 0x000000008d500000|100%| O|  |TAMS 0x000000008d500000, 0x000000008d500000| Untracked 
|  21|0x000000008d500000, 0x000000008d600000, 0x000000008d600000|100%| O|  |TAMS 0x000000008d600000, 0x000000008d600000| Untracked 
|  22|0x000000008d600000, 0x000000008d700000, 0x000000008d700000|100%| O|  |TAMS 0x000000008d700000, 0x000000008d700000| Untracked 
|  23|0x000000008d700000, 0x000000008d800000, 0x000000008d800000|100%| O|  |TAMS 0x000000008d800000, 0x000000008d800000| Untracked 
|  24|0x000000008d800000, 0x000000008d900000, 0x000000008d900000|100%| O|  |TAMS 0x000000008d900000, 0x000000008d900000| Untracked 
|  25|0x000000008d900000, 0x000000008da00000, 0x000000008da00000|100%| O|  |TAMS 0x000000008da00000, 0x000000008da00000| Untracked 
|  26|0x000000008da00000, 0x000000008db00000, 0x000000008db00000|100%| O|  |TAMS 0x000000008db00000, 0x000000008db00000| Untracked 
|  27|0x000000008db00000, 0x000000008dc00000, 0x000000008dc00000|100%| O|  |TAMS 0x000000008dc00000, 0x000000008dc00000| Untracked 
|  28|0x000000008dc00000, 0x000000008dd00000, 0x000000008dd00000|100%| O|  |TAMS 0x000000008dd00000, 0x000000008dd00000| Untracked 
|  29|0x000000008dd00000, 0x000000008de00000, 0x000000008de00000|100%| O|  |TAMS 0x000000008de00000, 0x000000008de00000| Untracked 
|  30|0x000000008de00000, 0x000000008df00000, 0x000000008df00000|100%| O|  |TAMS 0x000000008df00000, 0x000000008df00000| Untracked 
|  31|0x000000008df00000, 0x000000008e000000, 0x000000008e000000|100%| O|  |TAMS 0x000000008e000000, 0x000000008e000000| Untracked 
|  32|0x000000008e000000, 0x000000008e100000, 0x000000008e100000|100%| O|  |TAMS 0x000000008e100000, 0x000000008e100000| Untracked 
|  33|0x000000008e100000, 0x000000008e200000, 0x000000008e200000|100%| O|  |TAMS 0x000000008e200000, 0x000000008e200000| Untracked 
|  34|0x000000008e200000, 0x000000008e300000, 0x000000008e300000|100%| O|  |TAMS 0x000000008e300000, 0x000000008e300000| Untracked 
|  35|0x000000008e300000, 0x000000008e400000, 0x000000008e400000|100%| O|  |TAMS 0x000000008e400000, 0x000000008e400000| Untracked 
|  36|0x000000008e400000, 0x000000008e500000, 0x000000008e500000|100%| O|  |TAMS 0x000000008e500000, 0x000000008e500000| Untracked 
|  37|0x000000008e500000, 0x000000008e600000, 0x000000008e600000|100%| O|  |TAMS 0x000000008e600000, 0x000000008e600000| Untracked 
|  38|0x000000008e600000, 0x000000008e700000, 0x000000008e700000|100%| O|  |TAMS 0x000000008e700000, 0x000000008e700000| Untracked 
|  39|0x000000008e700000, 0x000000008e800000, 0x000000008e800000|100%| O|  |TAMS 0x000000008e800000, 0x000000008e800000| Untracked 
|  40|0x000000008e800000, 0x000000008e900000, 0x000000008e900000|100%| O|  |TAMS 0x000000008e900000, 0x000000008e900000| Untracked 
|  41|0x000000008e900000, 0x000000008ea00000, 0x000000008ea00000|100%| O|  |TAMS 0x000000008ea00000, 0x000000008ea00000| Untracked 
|  42|0x000000008ea00000, 0x000000008eb00000, 0x000000008eb00000|100%| O|  |TAMS 0x000000008eb00000, 0x000000008eb00000| Untracked 
|  43|0x000000008eb00000, 0x000000008ec00000, 0x000000008ec00000|100%| O|  |TAMS 0x000000008eb00000, 0x000000008ec00000| Untracked 
|  44|0x000000008ec00000, 0x000000008ed00000, 0x000000008ed00000|100%| O|  |TAMS 0x000000008ec00000, 0x000000008ed00000| Untracked 
|  45|0x000000008ed00000, 0x000000008ee00000, 0x000000008ee00000|100%| O|  |TAMS 0x000000008ed00000, 0x000000008ee00000| Untracked 
|  46|0x000000008ee00000, 0x000000008ef00000, 0x000000008ef00000|100%| O|  |TAMS 0x000000008ee00000, 0x000000008ef00000| Untracked 
|  47|0x000000008ef00000, 0x000000008f000000, 0x000000008f000000|100%| O|  |TAMS 0x000000008f000000, 0x000000008f000000| Untracked 
|  48|0x000000008f000000, 0x000000008f100000, 0x000000008f100000|100%| O|  |TAMS 0x000000008f100000, 0x000000008f100000| Untracked 
|  49|0x000000008f100000, 0x000000008f200000, 0x000000008f200000|100%| O|  |TAMS 0x000000008f18a800, 0x000000008f200000| Untracked 
|  50|0x000000008f200000, 0x000000008f300000, 0x000000008f300000|100%| O|  |TAMS 0x000000008f200000, 0x000000008f300000| Untracked 
|  51|0x000000008f300000, 0x000000008f400000, 0x000000008f400000|100%|HS|  |TAMS 0x000000008f300000, 0x000000008f400000| Complete 
|  52|0x000000008f400000, 0x000000008f500000, 0x000000008f500000|100%| O|  |TAMS 0x000000008f400000, 0x000000008f500000| Untracked 
|  53|0x000000008f500000, 0x000000008f600000, 0x000000008f600000|100%| O|  |TAMS 0x000000008f500000, 0x000000008f600000| Untracked 
|  54|0x000000008f600000, 0x000000008f700000, 0x000000008f700000|100%| O|  |TAMS 0x000000008f600000, 0x000000008f700000| Untracked 
|  55|0x000000008f700000, 0x000000008f800000, 0x000000008f800000|100%| O|  |TAMS 0x000000008f700000, 0x000000008f800000| Untracked 
|  56|0x000000008f800000, 0x000000008f900000, 0x000000008f900000|100%| O|  |TAMS 0x000000008f800000, 0x000000008f900000| Untracked 
|  57|0x000000008f900000, 0x000000008fa00000, 0x000000008fa00000|100%| O|  |TAMS 0x000000008f900000, 0x000000008fa00000| Untracked 
|  58|0x000000008fa00000, 0x000000008fb00000, 0x000000008fb00000|100%| O|  |TAMS 0x000000008fa00000, 0x000000008fb00000| Untracked 
|  59|0x000000008fb00000, 0x000000008fbbc000, 0x000000008fc00000| 73%| O|  |TAMS 0x000000008fb00000, 0x000000008fb0f400| Untracked 
|  60|0x000000008fc00000, 0x000000008fc00000, 0x000000008fd00000|  0%| F|  |TAMS 0x000000008fc00000, 0x000000008fc00000| Untracked 
|  61|0x000000008fd00000, 0x000000008fd00000, 0x000000008fe00000|  0%| F|  |TAMS 0x000000008fd00000, 0x000000008fd00000| Untracked 
|  62|0x000000008fe00000, 0x000000008fe00000, 0x000000008ff00000|  0%| F|  |TAMS 0x000000008fe00000, 0x000000008fe00000| Untracked 
|  63|0x000000008ff00000, 0x000000008ff00000, 0x0000000090000000|  0%| F|  |TAMS 0x000000008ff00000, 0x000000008ff00000| Untracked 
|  64|0x0000000090000000, 0x0000000090000000, 0x0000000090100000|  0%| F|  |TAMS 0x0000000090000000, 0x0000000090000000| Untracked 
|  65|0x0000000090100000, 0x0000000090100000, 0x0000000090200000|  0%| F|  |TAMS 0x0000000090100000, 0x0000000090100000| Untracked 
|  66|0x0000000090200000, 0x0000000090200000, 0x0000000090300000|  0%| F|  |TAMS 0x0000000090200000, 0x0000000090200000| Untracked 
|  67|0x0000000090300000, 0x0000000090300000, 0x0000000090400000|  0%| F|  |TAMS 0x0000000090300000, 0x0000000090300000| Untracked 
|  68|0x0000000090400000, 0x0000000090400000, 0x0000000090500000|  0%| F|  |TAMS 0x0000000090400000, 0x0000000090400000| Untracked 
|  69|0x0000000090500000, 0x0000000090500000, 0x0000000090600000|  0%| F|  |TAMS 0x0000000090500000, 0x0000000090500000| Untracked 
|  70|0x0000000090600000, 0x0000000090600000, 0x0000000090700000|  0%| F|  |TAMS 0x0000000090600000, 0x0000000090600000| Untracked 
|  71|0x0000000090700000, 0x0000000090700000, 0x0000000090800000|  0%| F|  |TAMS 0x0000000090700000, 0x0000000090700000| Untracked 
|  72|0x0000000090800000, 0x0000000090800000, 0x0000000090900000|  0%| F|  |TAMS 0x0000000090800000, 0x0000000090800000| Untracked 
|  73|0x0000000090900000, 0x0000000090900000, 0x0000000090a00000|  0%| F|  |TAMS 0x0000000090900000, 0x0000000090900000| Untracked 
|  74|0x0000000090a00000, 0x0000000090a00000, 0x0000000090b00000|  0%| F|  |TAMS 0x0000000090a00000, 0x0000000090a00000| Untracked 
|  75|0x0000000090b00000, 0x0000000090b00000, 0x0000000090c00000|  0%| F|  |TAMS 0x0000000090b00000, 0x0000000090b00000| Untracked 
|  76|0x0000000090c00000, 0x0000000090c00000, 0x0000000090d00000|  0%| F|  |TAMS 0x0000000090c00000, 0x0000000090c00000| Untracked 
|  77|0x0000000090d00000, 0x0000000090d00000, 0x0000000090e00000|  0%| F|  |TAMS 0x0000000090d00000, 0x0000000090d00000| Untracked 
|  78|0x0000000090e00000, 0x0000000090e00000, 0x0000000090f00000|  0%| F|  |TAMS 0x0000000090e00000, 0x0000000090e00000| Untracked 
|  79|0x0000000090f00000, 0x0000000090f00000, 0x0000000091000000|  0%| F|  |TAMS 0x0000000090f00000, 0x0000000090f00000| Untracked 
|  80|0x0000000091000000, 0x0000000091000000, 0x0000000091100000|  0%| F|  |TAMS 0x0000000091000000, 0x0000000091000000| Untracked 
|  81|0x0000000091100000, 0x0000000091100000, 0x0000000091200000|  0%| F|  |TAMS 0x0000000091100000, 0x0000000091100000| Untracked 
|  82|0x0000000091200000, 0x0000000091300000, 0x0000000091300000|100%| S|CS|TAMS 0x0000000091200000, 0x0000000091200000| Complete 
|  83|0x0000000091300000, 0x0000000091400000, 0x0000000091400000|100%| S|CS|TAMS 0x0000000091300000, 0x0000000091300000| Complete 
|  84|0x0000000091400000, 0x0000000091500000, 0x0000000091500000|100%| S|CS|TAMS 0x0000000091400000, 0x0000000091400000| Complete 
|  85|0x0000000091500000, 0x0000000091500000, 0x0000000091600000|  0%| F|  |TAMS 0x0000000091500000, 0x0000000091500000| Untracked 
|  86|0x0000000091600000, 0x0000000091600000, 0x0000000091700000|  0%| F|  |TAMS 0x0000000091600000, 0x0000000091600000| Untracked 
|  87|0x0000000091700000, 0x0000000091700000, 0x0000000091800000|  0%| F|  |TAMS 0x0000000091700000, 0x0000000091700000| Untracked 
|  88|0x0000000091800000, 0x0000000091800000, 0x0000000091900000|  0%| F|  |TAMS 0x0000000091800000, 0x0000000091800000| Untracked 
|  89|0x0000000091900000, 0x0000000091900000, 0x0000000091a00000|  0%| F|  |TAMS 0x0000000091900000, 0x0000000091900000| Untracked 
|  90|0x0000000091a00000, 0x0000000091a00000, 0x0000000091b00000|  0%| F|  |TAMS 0x0000000091a00000, 0x0000000091a00000| Untracked 
|  91|0x0000000091b00000, 0x0000000091b00000, 0x0000000091c00000|  0%| F|  |TAMS 0x0000000091b00000, 0x0000000091b00000| Untracked 
|  92|0x0000000091c00000, 0x0000000091c00000, 0x0000000091d00000|  0%| F|  |TAMS 0x0000000091c00000, 0x0000000091c00000| Untracked 
|  93|0x0000000091d00000, 0x0000000091d00000, 0x0000000091e00000|  0%| F|  |TAMS 0x0000000091d00000, 0x0000000091d00000| Untracked 
|  94|0x0000000091e00000, 0x0000000091e00000, 0x0000000091f00000|  0%| F|  |TAMS 0x0000000091e00000, 0x0000000091e00000| Untracked 
|  95|0x0000000091f00000, 0x0000000091f00000, 0x0000000092000000|  0%| F|  |TAMS 0x0000000091f00000, 0x0000000091f00000| Untracked 
|  96|0x0000000092000000, 0x0000000092000000, 0x0000000092100000|  0%| F|  |TAMS 0x0000000092000000, 0x0000000092000000| Untracked 
|  97|0x0000000092100000, 0x0000000092100000, 0x0000000092200000|  0%| F|  |TAMS 0x0000000092100000, 0x0000000092100000| Untracked 
|  98|0x0000000092200000, 0x0000000092200000, 0x0000000092300000|  0%| F|  |TAMS 0x0000000092200000, 0x0000000092200000| Untracked 
|  99|0x0000000092300000, 0x0000000092300000, 0x0000000092400000|  0%| F|  |TAMS 0x0000000092300000, 0x0000000092300000| Untracked 
| 100|0x0000000092400000, 0x0000000092400000, 0x0000000092500000|  0%| F|  |TAMS 0x0000000092400000, 0x0000000092400000| Untracked 
| 101|0x0000000092500000, 0x0000000092500000, 0x0000000092600000|  0%| F|  |TAMS 0x0000000092500000, 0x0000000092500000| Untracked 
| 102|0x0000000092600000, 0x0000000092600000, 0x0000000092700000|  0%| F|  |TAMS 0x0000000092600000, 0x0000000092600000| Untracked 
| 103|0x0000000092700000, 0x0000000092700000, 0x0000000092800000|  0%| F|  |TAMS 0x0000000092700000, 0x0000000092700000| Untracked 
| 104|0x0000000092800000, 0x0000000092800000, 0x0000000092900000|  0%| F|  |TAMS 0x0000000092800000, 0x0000000092800000| Untracked 
| 105|0x0000000092900000, 0x0000000092900000, 0x0000000092a00000|  0%| F|  |TAMS 0x0000000092900000, 0x0000000092900000| Untracked 
| 106|0x0000000092a00000, 0x0000000092a00000, 0x0000000092b00000|  0%| F|  |TAMS 0x0000000092a00000, 0x0000000092a00000| Untracked 
| 107|0x0000000092b00000, 0x0000000092b00000, 0x0000000092c00000|  0%| F|  |TAMS 0x0000000092b00000, 0x0000000092b00000| Untracked 
| 108|0x0000000092c00000, 0x0000000092c00000, 0x0000000092d00000|  0%| F|  |TAMS 0x0000000092c00000, 0x0000000092c00000| Untracked 
| 109|0x0000000092d00000, 0x0000000092d00000, 0x0000000092e00000|  0%| F|  |TAMS 0x0000000092d00000, 0x0000000092d00000| Untracked 
| 110|0x0000000092e00000, 0x0000000092e00000, 0x0000000092f00000|  0%| F|  |TAMS 0x0000000092e00000, 0x0000000092e00000| Untracked 
| 111|0x0000000092f00000, 0x0000000092f00000, 0x0000000093000000|  0%| F|  |TAMS 0x0000000092f00000, 0x0000000092f00000| Untracked 
| 112|0x0000000093000000, 0x0000000093000000, 0x0000000093100000|  0%| F|  |TAMS 0x0000000093000000, 0x0000000093000000| Untracked 
| 113|0x0000000093100000, 0x0000000093100000, 0x0000000093200000|  0%| F|  |TAMS 0x0000000093100000, 0x0000000093100000| Untracked 
| 114|0x0000000093200000, 0x0000000093200000, 0x0000000093300000|  0%| F|  |TAMS 0x0000000093200000, 0x0000000093200000| Untracked 
| 115|0x0000000093300000, 0x0000000093300000, 0x0000000093400000|  0%| F|  |TAMS 0x0000000093300000, 0x0000000093300000| Untracked 

Card table byte_map: [0x000002448f7a0000,0x000002448fb40000] _byte_map_base: 0x000002448f340000

Marking Bits (Prev, Next): (CMBitMap*) 0x000002448454f6a0, (CMBitMap*) 0x000002448454f6e0
 Prev Bits: [0x000002448fee0000, 0x0000024491be0000)
 Next Bits: [0x0000024491be0000, 0x00000244938e0000)

Polling page: 0x00000244823d0000

Metaspace:

Usage:
  Non-class:     60.92 MB used.
      Class:     10.70 MB used.
       Both:     71.61 MB used.

Virtual space:
  Non-class space:       64.00 MB reserved,      61.25 MB ( 96%) committed,  1 nodes.
      Class space:        1.00 GB reserved,      11.00 MB (  1%) committed,  1 nodes.
             Both:        1.06 GB reserved,      72.25 MB (  7%) committed. 

Chunk freelists:
   Non-Class:  2.54 MB
       Class:  4.87 MB
        Both:  7.42 MB

MaxMetaspaceSize: unlimited
CompressedClassSpaceSize: 1.00 GB
Initial GC threshold: 21.00 MB
Current GC threshold: 120.44 MB
CDS: on
MetaspaceReclaimPolicy: balanced
 - commit_granule_bytes: 65536.
 - commit_granule_words: 8192.
 - virtual_space_node_default_size: 8388608.
 - enlarge_chunks_in_place: 1.
 - new_chunks_are_fully_committed: 0.
 - uncommit_free_chunks: 1.
 - use_allocation_guard: 0.
 - handle_deallocations: 1.


Internal statistics:

num_allocs_failed_limit: 9.
num_arena_births: 924.
num_arena_deaths: 0.
num_vsnodes_births: 2.
num_vsnodes_deaths: 0.
num_space_committed: 1156.
num_space_uncommitted: 0.
num_chunks_returned_to_freelist: 9.
num_chunks_taken_from_freelist: 3674.
num_chunk_merges: 9.
num_chunk_splits: 2682.
num_chunks_enlarged: 2070.
num_inconsistent_stats: 0.

CodeCache: size=49152Kb used=14311Kb max_used=14311Kb free=34840Kb
 bounds [0x000002448bda0000, 0x000002448cba0000, 0x000002448eda0000]
 total_blobs=7847 nmethods=7111 adapters=658
 compilation: enabled
              stopped_count=0, restarted_count=0
 full_count=0

Compilation events (20 events):
Event: 19.838 Thread 0x00000244dcdfbc70 7120       1       org.antlr.v4.runtime.atn.LexerATNSimulator::computeTargetState (59 bytes)
Event: 19.838 Thread 0x0000024496bbe250 7121   !   1       org.antlr.v4.runtime.atn.LexerATNSimulator::addDFAEdge (57 bytes)
Event: 19.839 Thread 0x0000024496bbe250 nmethod 7121 0x000002448cb93c10 code [0x000002448cb93dc0, 0x000002448cb94198]
Event: 19.839 Thread 0x00000244dcdfbc70 nmethod 7120 0x000002448cb94390 code [0x000002448cb94580, 0x000002448cb94948]
Event: 19.893 Thread 0x0000024496bbe250 7122       1       org.antlr.v4.runtime.BufferedTokenStream::consume (119 bytes)
Event: 19.894 Thread 0x0000024496bbe250 nmethod 7122 0x000002448cb94b90 code [0x000002448cb94d80, 0x000002448cb95098]
Event: 19.916 Thread 0x00000244dcdfbc70 7123       1       java.util.ArrayList::equalsArrayList (108 bytes)
Event: 19.917 Thread 0x00000244dcdfbc70 nmethod 7123 0x000002448cb95290 code [0x000002448cb95460, 0x000002448cb95808]
Event: 19.952 Thread 0x0000024495fc3f80 7125       1       org.antlr.v4.runtime.Parser::addContextToParseTree (25 bytes)
Event: 19.952 Thread 0x00000244dc352550 7124       1       org.antlr.v4.runtime.Parser::enterRule (50 bytes)
Event: 19.952 Thread 0x0000024495fc3f80 nmethod 7125 0x000002448cb95a10 code [0x000002448cb95bc0, 0x000002448cb95e48]
Event: 19.952 Thread 0x00000244dc352550 nmethod 7124 0x000002448cb95f90 code [0x000002448cb96160, 0x000002448cb96428]
Event: 19.964 Thread 0x0000024495fc3f80 7126       1       org.antlr.v4.runtime.Parser::exitRule (81 bytes)
Event: 19.964 Thread 0x0000024495fc3f80 nmethod 7126 0x000002448cb96610 code [0x000002448cb967e0, 0x000002448cb96ae8]
Event: 19.965 Thread 0x00000244dc7d9f40 7127       1       org.antlr.v4.runtime.atn.ParserATNSimulator::computeTargetState (286 bytes)
Event: 19.965 Thread 0x0000024496bbe250 7128   !   1       org.antlr.v4.runtime.atn.ParserATNSimulator::addDFAEdge (207 bytes)
Event: 19.966 Thread 0x00000244dc7d9f40 nmethod 7127 0x000002448cb96c90 code [0x000002448cb97000, 0x000002448cb97be8]
Event: 19.966 Thread 0x0000024496bbe250 nmethod 7128 0x000002448cb98410 code [0x000002448cb98720, 0x000002448cb993a8]
Event: 19.973 Thread 0x00000244dc7d9f40 7129       1       org.antlr.v4.runtime.misc.FlexibleHashMap::createEntryListArray (7 bytes)
Event: 19.974 Thread 0x00000244dc7d9f40 nmethod 7129 0x000002448cb99b10 code [0x000002448cb99ca0, 0x000002448cb99dd8]

GC Heap History (20 events):
Event: 17.207 GC heap after
{Heap after GC invocations=17 (full 0):
 garbage-first heap   total 73728K, used 30543K [0x000000008c000000, 0x0000000100000000)
  region size 1024K, 3 young (3072K), 3 survivors (3072K)
 Metaspace       used 63031K, committed 63552K, reserved 1114112K
  class space    used 9157K, committed 9408K, reserved 1048576K
}
Event: 18.814 GC heap before
{Heap before GC invocations=17 (full 0):
 garbage-first heap   total 73728K, used 59215K [0x000000008c000000, 0x0000000100000000)
  region size 1024K, 31 young (31744K), 3 survivors (3072K)
 Metaspace       used 67140K, committed 67776K, reserved 1114112K
  class space    used 9757K, committed 10048K, reserved 1048576K
}
Event: 18.818 GC heap after
{Heap after GC invocations=18 (full 0):
 garbage-first heap   total 73728K, used 32835K [0x000000008c000000, 0x0000000100000000)
  region size 1024K, 4 young (4096K), 4 survivors (4096K)
 Metaspace       used 67140K, committed 67776K, reserved 1114112K
  class space    used 9757K, committed 10048K, reserved 1048576K
}
Event: 19.268 GC heap before
{Heap before GC invocations=18 (full 0):
 garbage-first heap   total 73728K, used 59459K [0x000000008c000000, 0x0000000100000000)
  region size 1024K, 30 young (30720K), 4 survivors (4096K)
 Metaspace       used 69870K, committed 70464K, reserved 1114112K
  class space    used 10303K, committed 10560K, reserved 1048576K
}
Event: 19.273 GC heap after
{Heap after GC invocations=19 (full 0):
 garbage-first heap   total 73728K, used 34450K [0x000000008c000000, 0x0000000100000000)
  region size 1024K, 2 young (2048K), 2 survivors (2048K)
 Metaspace       used 69870K, committed 70464K, reserved 1114112K
  class space    used 10303K, committed 10560K, reserved 1048576K
}
Event: 19.480 GC heap before
{Heap before GC invocations=19 (full 0):
 garbage-first heap   total 73728K, used 59026K [0x000000008c000000, 0x0000000100000000)
  region size 1024K, 26 young (26624K), 2 survivors (2048K)
 Metaspace       used 71621K, committed 72192K, reserved 1114112K
  class space    used 10682K, committed 10944K, reserved 1048576K
}
Event: 19.484 GC heap after
{Heap after GC invocations=20 (full 0):
 garbage-first heap   total 73728K, used 35491K [0x000000008c000000, 0x0000000100000000)
  region size 1024K, 3 young (3072K), 3 survivors (3072K)
 Metaspace       used 71621K, committed 72192K, reserved 1114112K
  class space    used 10682K, committed 10944K, reserved 1048576K
}
Event: 19.679 GC heap before
{Heap before GC invocations=21 (full 0):
 garbage-first heap   total 75776K, used 58019K [0x000000008c000000, 0x0000000100000000)
  region size 1024K, 26 young (26624K), 3 survivors (3072K)
 Metaspace       used 73237K, committed 73856K, reserved 1114112K
  class space    used 10926K, committed 11200K, reserved 1048576K
}
Event: 19.682 GC heap after
{Heap after GC invocations=22 (full 0):
 garbage-first heap   total 75776K, used 36066K [0x000000008c000000, 0x0000000100000000)
  region size 1024K, 2 young (2048K), 2 survivors (2048K)
 Metaspace       used 73237K, committed 73856K, reserved 1114112K
  class space    used 10926K, committed 11200K, reserved 1048576K
}
Event: 19.779 GC heap before
{Heap before GC invocations=22 (full 0):
 garbage-first heap   total 75776K, used 61666K [0x000000008c000000, 0x0000000100000000)
  region size 1024K, 27 young (27648K), 2 survivors (2048K)
 Metaspace       used 73330K, committed 73984K, reserved 1114112K
  class space    used 10953K, committed 11264K, reserved 1048576K
}
Event: 19.785 GC heap after
{Heap after GC invocations=23 (full 0):
 garbage-first heap   total 75776K, used 44086K [0x000000008c000000, 0x0000000100000000)
  region size 1024K, 4 young (4096K), 4 survivors (4096K)
 Metaspace       used 73330K, committed 73984K, reserved 1114112K
  class space    used 10953K, committed 11264K, reserved 1048576K
}
Event: 19.830 GC heap before
{Heap before GC invocations=24 (full 0):
 garbage-first heap   total 91136K, used 58422K [0x000000008c000000, 0x0000000100000000)
  region size 1024K, 18 young (18432K), 4 survivors (4096K)
 Metaspace       used 73330K, committed 73984K, reserved 1114112K
  class space    used 10953K, committed 11264K, reserved 1048576K
}
Event: 19.836 GC heap after
{Heap after GC invocations=25 (full 0):
 garbage-first heap   total 91136K, used 49477K [0x000000008c000000, 0x0000000100000000)
  region size 1024K, 3 young (3072K), 3 survivors (3072K)
 Metaspace       used 73330K, committed 73984K, reserved 1114112K
  class space    used 10953K, committed 11264K, reserved 1048576K
}
Event: 19.868 GC heap before
{Heap before GC invocations=25 (full 0):
 garbage-first heap   total 91136K, used 61765K [0x000000008c000000, 0x0000000100000000)
  region size 1024K, 16 young (16384K), 3 survivors (3072K)
 Metaspace       used 73330K, committed 73984K, reserved 1114112K
  class space    used 10953K, committed 11264K, reserved 1048576K
}
Event: 19.874 GC heap after
{Heap after GC invocations=26 (full 0):
 garbage-first heap   total 91136K, used 54222K [0x000000008c000000, 0x0000000100000000)
  region size 1024K, 3 young (3072K), 3 survivors (3072K)
 Metaspace       used 73330K, committed 73984K, reserved 1114112K
  class space    used 10953K, committed 11264K, reserved 1048576K
}
Event: 19.931 GC heap before
{Heap before GC invocations=27 (full 0):
 garbage-first heap   total 107520K, used 69582K [0x000000008c000000, 0x0000000100000000)
  region size 1024K, 17 young (17408K), 3 survivors (3072K)
 Metaspace       used 73330K, committed 73984K, reserved 1114112K
  class space    used 10953K, committed 11264K, reserved 1048576K
}
Event: 19.935 GC heap after
{Heap after GC invocations=28 (full 0):
 garbage-first heap   total 107520K, used 59132K [0x000000008c000000, 0x0000000100000000)
  region size 1024K, 3 young (3072K), 3 survivors (3072K)
 Metaspace       used 73330K, committed 73984K, reserved 1114112K
  class space    used 10953K, committed 11264K, reserved 1048576K
}
Event: 19.941 GC heap before
{Heap before GC invocations=28 (full 0):
 garbage-first heap   total 107520K, used 61180K [0x000000008c000000, 0x0000000100000000)
  region size 1024K, 5 young (5120K), 3 survivors (3072K)
 Metaspace       used 73330K, committed 73984K, reserved 1114112K
  class space    used 10953K, committed 11264K, reserved 1048576K
}
Event: 19.945 GC heap after
{Heap after GC invocations=29 (full 0):
 garbage-first heap   total 107520K, used 60477K [0x000000008c000000, 0x0000000100000000)
  region size 1024K, 1 young (1024K), 1 survivors (1024K)
 Metaspace       used 73330K, committed 73984K, reserved 1114112K
  class space    used 10953K, committed 11264K, reserved 1048576K
}
Event: 19.989 GC heap before
{Heap before GC invocations=29 (full 0):
 garbage-first heap   total 107520K, used 79933K [0x000000008c000000, 0x0000000100000000)
  region size 1024K, 20 young (20480K), 1 survivors (1024K)
 Metaspace       used 73332K, committed 73984K, reserved 1114112K
  class space    used 10953K, committed 11264K, reserved 1048576K
}

Deoptimization events (2 events):
Event: 11.289 Thread 0x0000024496bb71a0 DEOPT PACKING pc=0x000002448c61d2ec sp=0x000000c9577fd610
Event: 11.290 Thread 0x0000024496bb71a0 DEOPT UNPACKING pc=0x000002448bdf2b43 sp=0x000000c9577fcad0 mode 0

Classes unloaded (0 events):
No events

Classes redefined (0 events):
No events

Internal exceptions (20 events):
Event: 17.023 Thread 0x0000024496bb71a0 Exception <a 'java/lang/NoSuchMethodError'{0x000000008ed01ac8}: 'java.lang.Object java.lang.invoke.Invokers$Holder.linkToTargetMethod(java.lang.Object, java.lang.Object, java.lang.Object, java.lang.Object, java.lang.Object, java.lang.Object, java.lang.Object, java.lang.Object, java.lang.Object, java.lang.Object, java.lang.Object, java.lang.Object)'> (0x000000008ed01ac8) 
thrown [s\open\src\hotspot\share\interpreter\linkResolver.cpp, line 759]
Event: 17.042 Thread 0x0000024496bb71a0 Exception <a 'java/lang/IncompatibleClassChangeError'{0x000000008edb7b48}: Found class java.lang.Object, but interface was expected> (0x000000008edb7b48) 
thrown [s\open\src\hotspot\share\interpreter\linkResolver.cpp, line 826]
Event: 17.078 Thread 0x0000024496bb71a0 Exception <a 'java/lang/IncompatibleClassChangeError'{0x000000008ecf6a38}: Found class java.lang.Object, but interface was expected> (0x000000008ecf6a38) 
thrown [s\open\src\hotspot\share\interpreter\linkResolver.cpp, line 826]
Event: 17.093 Thread 0x0000024496bb71a0 Exception <a 'java/lang/NoSuchMethodError'{0x000000008eb8ef80}: 'java.lang.Object java.lang.invoke.DirectMethodHandle$Holder.newInvokeSpecial(java.lang.Object, java.lang.Object, java.lang.Object, java.lang.Object, java.lang.Object, java.lang.Object, java.lang.Object, int)'> (0x000000008eb8ef80) 
thrown [s\open\src\hotspot\share\interpreter\linkResolver.cpp, line 759]
Event: 17.093 Thread 0x0000024496bb71a0 Exception <a 'java/lang/NoSuchMethodError'{0x000000008eb93f78}: 'java.lang.Object java.lang.invoke.DirectMethodHandle$Holder.invokeSpecial(java.lang.Object, java.lang.Object, java.lang.Object, java.lang.Object, java.lang.Object, java.lang.Object, java.lang.Object, java.lang.Object, int)'> (0x000000008eb93f78) 
thrown [s\open\src\hotspot\share\interpreter\linkResolver.cpp, line 759]
Event: 17.093 Thread 0x0000024496bb71a0 Exception <a 'java/lang/NoSuchMethodError'{0x000000008eb98a40}: 'java.lang.Object java.lang.invoke.Invokers$Holder.linkToTargetMethod(java.lang.Object, java.lang.Object, java.lang.Object, java.lang.Object, java.lang.Object, java.lang.Object, int, java.lang.Object)'> (0x000000008eb98a40) 
thrown [s\open\src\hotspot\share\interpreter\linkResolver.cpp, line 759]
Event: 17.125 Thread 0x0000024496bb71a0 Exception <a 'java/lang/NoSuchMethodError'{0x000000008eaa4378}: 'java.lang.Object java.lang.invoke.DirectMethodHandle$Holder.newInvokeSpecial(java.lang.Object, java.lang.Object, int, java.lang.Object, int, java.lang.Object, java.lang.Object)'> (0x000000008eaa4378) 
thrown [s\open\src\hotspot\share\interpreter\linkResolver.cpp, line 759]
Event: 17.150 Thread 0x0000024496bb71a0 Exception <a 'java/lang/NoSuchMethodError'{0x000000008e93ee78}: 'void java.lang.invoke.DirectMethodHandle$Holder.invokeInterface(java.lang.Object, java.lang.Object)'> (0x000000008e93ee78) 
thrown [s\open\src\hotspot\share\interpreter\linkResolver.cpp, line 759]
Event: 17.570 Thread 0x0000024496bb71a0 Exception <a 'java/lang/NoSuchMethodError'{0x00000000912ff830}: 'java.lang.Object java.lang.invoke.DirectMethodHandle$Holder.invokeStatic(java.lang.Object, int, int)'> (0x00000000912ff830) 
thrown [s\open\src\hotspot\share\interpreter\linkResolver.cpp, line 759]
Event: 17.683 Thread 0x0000024496bb71a0 Exception <a 'java/lang/NoSuchMethodError'{0x0000000091044b98}: 'java.lang.Object java.lang.invoke.DirectMethodHandle$Holder.invokeSpecial(java.lang.Object, java.lang.Object, long, java.lang.Object, java.lang.Object, java.lang.Object, java.lang.Object, java.lang.Object, java.lang.Object, java.lang.Object, java.lang.Object, java.lang.Object)'> (0x0000000091044b98) 
thrown [s\open\src\hotspot\share\interpreter\linkResolver.cpp, line 759]
Event: 17.684 Thread 0x0000024496bb71a0 Exception <a 'java/lang/NoSuchMethodError'{0x0000000091049388}: 'java.lang.Object java.lang.invoke.DelegatingMethodHandle$Holder.reinvoke_L(java.lang.Object, long, java.lang.Object, java.lang.Object, java.lang.Object, java.lang.Object, java.lang.Object, java.lang.Object, java.lang.Object, java.lang.Object, java.lang.Object)'> (0x0000000091049388) 
thrown [s\open\src\hotspot\share\interpreter\linkResolver.cpp, line 759]
Event: 17.685 Thread 0x0000024496bb71a0 Exception <a 'java/lang/NoSuchMethodError'{0x00000000910774b0}: 'java.lang.Object java.lang.invoke.DirectMethodHandle$Holder.invokeSpecial(java.lang.Object, java.lang.Object, java.lang.Object, java.lang.Object, java.lang.Object, java.lang.Object, java.lang.Object, java.lang.Object, java.lang.Object, java.lang.Object, java.lang.Object)'> (0x00000000910774b0) 
thrown [s\open\src\hotspot\share\interpreter\linkResolver.cpp, line 759]
Event: 17.685 Thread 0x0000024496bb71a0 Exception <a 'java/lang/NoSuchMethodError'{0x000000009107bb70}: 'java.lang.Object java.lang.invoke.Invokers$Holder.linkToTargetMethod(java.lang.Object, java.lang.Object, java.lang.Object, java.lang.Object, java.lang.Object, java.lang.Object, java.lang.Object, java.lang.Object, java.lang.Object, java.lang.Object)'> (0x000000009107bb70) 
thrown [s\open\src\hotspot\share\interpreter\linkResolver.cpp, line 759]
Event: 18.239 Thread 0x0000024496bb71a0 Exception <a 'java/lang/NoSuchMethodError'{0x000000008ff420f0}: 'java.lang.Object java.lang.invoke.DirectMethodHandle$Holder.invokeSpecial(java.lang.Object, java.lang.Object, int, java.lang.Object, int)'> (0x000000008ff420f0) 
thrown [s\open\src\hotspot\share\interpreter\linkResolver.cpp, line 759]
Event: 18.585 Thread 0x0000024496bb71a0 Exception <a 'java/lang/IncompatibleClassChangeError'{0x000000008f6265f8}: Found class java.lang.Object, but interface was expected> (0x000000008f6265f8) 
thrown [s\open\src\hotspot\share\interpreter\linkResolver.cpp, line 826]
Event: 18.633 Thread 0x0000024496bb71a0 Exception <a 'java/lang/IncompatibleClassChangeError'{0x000000008f44ee80}: Found class java.lang.Object, but interface was expected> (0x000000008f44ee80) 
thrown [s\open\src\hotspot\share\interpreter\linkResolver.cpp, line 826]
Event: 18.837 Thread 0x0000024496bb71a0 Exception <a 'java/lang/IncompatibleClassChangeError'{0x00000000933ae050}: Found class java.lang.Object, but interface was expected> (0x00000000933ae050) 
thrown [s\open\src\hotspot\share\interpreter\linkResolver.cpp, line 826]
Event: 18.936 Thread 0x0000024496bb71a0 Exception <a 'java/lang/reflect/InvocationTargetException'{0x000000009119f590}> (0x000000009119f590) 
thrown [s\open\src\hotspot\share\runtime\reflection.cpp, line 1121]
Event: 19.651 Thread 0x0000024496bb71a0 Exception <a 'java/lang/reflect/InvocationTargetException'{0x000000008fbadb68}> (0x000000008fbadb68) 
thrown [s\open\src\hotspot\share\runtime\reflection.cpp, line 1121]
Event: 19.704 Thread 0x0000024496bb71a0 Exception <a 'java/lang/reflect/InvocationTargetException'{0x0000000091251148}> (0x0000000091251148) 
thrown [s\open\src\hotspot\share\runtime\reflection.cpp, line 1121]

VM Operations (20 events):
Event: 19.682 Executing VM operation: G1CollectForAllocation done
Event: 19.779 Executing VM operation: G1CollectForAllocation
Event: 19.785 Executing VM operation: G1CollectForAllocation done
Event: 19.810 Executing VM operation: G1Concurrent
Event: 19.813 Executing VM operation: G1Concurrent done
Event: 19.824 Executing VM operation: G1Concurrent
Event: 19.824 Executing VM operation: G1Concurrent done
Event: 19.830 Executing VM operation: G1CollectForAllocation
Event: 19.836 Executing VM operation: G1CollectForAllocation done
Event: 19.868 Executing VM operation: G1TryInitiateConcMark
Event: 19.874 Executing VM operation: G1TryInitiateConcMark done
Event: 19.904 Executing VM operation: G1Concurrent
Event: 19.908 Executing VM operation: G1Concurrent done
Event: 19.923 Executing VM operation: G1Concurrent
Event: 19.924 Executing VM operation: G1Concurrent done
Event: 19.930 Executing VM operation: G1CollectForAllocation
Event: 19.935 Executing VM operation: G1CollectForAllocation done
Event: 19.941 Executing VM operation: G1CollectForAllocation
Event: 19.945 Executing VM operation: G1CollectForAllocation done
Event: 19.989 Executing VM operation: G1CollectForAllocation

Events (20 events):
Event: 18.844 loading class java/lang/Package$1PackageInfoProxy
Event: 18.845 loading class java/lang/Package$1PackageInfoProxy done
Event: 18.902 loading class java/util/stream/ReduceOps$5
Event: 18.902 loading class java/util/stream/ReduceOps$5 done
Event: 18.902 loading class java/util/stream/ReduceOps$CountingSink$OfRef
Event: 18.903 loading class java/util/stream/ReduceOps$CountingSink
Event: 18.903 loading class java/util/stream/ReduceOps$CountingSink done
Event: 18.903 loading class java/util/stream/ReduceOps$CountingSink$OfRef done
Event: 18.952 loading class java/util/regex/Pattern$LookBehindEndNode
Event: 18.953 loading class java/util/regex/Pattern$LookBehindEndNode done
Event: 18.953 loading class java/util/regex/Pattern$NotBehind
Event: 18.953 loading class java/util/regex/Pattern$NotBehind done
Event: 18.953 loading class java/util/regex/Pattern$Behind
Event: 18.953 loading class java/util/regex/Pattern$Behind done
Event: 18.983 loading class java/util/EmptyStackException
Event: 18.983 loading class java/util/EmptyStackException done
Event: 19.163 loading class java/io/InvalidClassException
Event: 19.163 loading class java/io/InvalidClassException done
Event: 19.177 loading class java/util/ArrayList$ListItr
Event: 19.177 loading class java/util/ArrayList$ListItr done


Dynamic libraries:
0x00007ff763630000 - 0x00007ff763640000 	C:\Program Files\Java\jdk-17\bin\javaw.exe
0x00007ffa7a280000 - 0x00007ffa7a4e0000 	C:\WINDOWS\SYSTEM32\ntdll.dll
0x00007ffa790f0000 - 0x00007ffa791b7000 	C:\WINDOWS\System32\KERNEL32.DLL
0x00007ffa77ad0000 - 0x00007ffa77e9a000 	C:\WINDOWS\System32\KERNELBASE.dll
0x00007ffa77460000 - 0x00007ffa775ab000 	C:\WINDOWS\System32\ucrtbase.dll
0x00007ffa65590000 - 0x00007ffa655a9000 	C:\Program Files\Java\jdk-17\bin\jli.dll
0x00007ffa7a0e0000 - 0x00007ffa7a192000 	C:\WINDOWS\System32\ADVAPI32.dll
0x00007ffa655b0000 - 0x00007ffa655cb000 	C:\Program Files\Java\jdk-17\bin\VCRUNTIME140.dll
0x00007ffa78080000 - 0x00007ffa78129000 	C:\WINDOWS\System32\msvcrt.dll
0x00007ffa79550000 - 0x00007ffa795f6000 	C:\WINDOWS\System32\sechost.dll
0x00007ffa78ac0000 - 0x00007ffa78bd6000 	C:\WINDOWS\System32\RPCRT4.dll
0x00007ffa78c60000 - 0x00007ffa78e2c000 	C:\WINDOWS\System32\USER32.dll
0x00007ffa77870000 - 0x00007ffa77897000 	C:\WINDOWS\System32\win32u.dll
0x00007ffa5b8f0000 - 0x00007ffa5bb87000 	C:\WINDOWS\WinSxS\amd64_microsoft.windows.common-controls_6595b64144ccf1df_6.0.26100.3624_none_3e086962e3345f24\COMCTL32.dll
0x00007ffa78eb0000 - 0x00007ffa78eda000 	C:\WINDOWS\System32\GDI32.dll
0x00007ffa77ea0000 - 0x00007ffa77fd1000 	C:\WINDOWS\System32\gdi32full.dll
0x00007ffa775b0000 - 0x00007ffa77653000 	C:\WINDOWS\System32\msvcp_win.dll
0x00007ffa70810000 - 0x00007ffa7081b000 	C:\WINDOWS\SYSTEM32\VERSION.dll
0x00007ffa79600000 - 0x00007ffa7962f000 	C:\WINDOWS\System32\IMM32.DLL
0x00007ffa6e5c0000 - 0x00007ffa6e5cc000 	C:\Program Files\Java\jdk-17\bin\vcruntime140_1.dll
0x00007ffa64020000 - 0x00007ffa640ae000 	C:\Program Files\Java\jdk-17\bin\msvcp140.dll
0x00007ff9d2dd0000 - 0x00007ff9d39b0000 	C:\Program Files\Java\jdk-17\bin\server\jvm.dll
0x00007ffa79cb0000 - 0x00007ffa79cb8000 	C:\WINDOWS\System32\PSAPI.DLL
0x00007ffa65930000 - 0x00007ffa65966000 	C:\WINDOWS\SYSTEM32\WINMM.dll
0x00007ffa4cb20000 - 0x00007ffa4cb2a000 	C:\WINDOWS\SYSTEM32\WSOCK32.dll
0x00007ffa78be0000 - 0x00007ffa78c54000 	C:\WINDOWS\System32\WS2_32.dll
0x00007ffa762e0000 - 0x00007ffa762fa000 	C:\WINDOWS\SYSTEM32\kernel.appcore.dll
0x00007ffa65730000 - 0x00007ffa6573a000 	C:\Program Files\Java\jdk-17\bin\jimage.dll
0x00007ffa643a0000 - 0x00007ffa645e1000 	C:\WINDOWS\SYSTEM32\DBGHELP.DLL
0x00007ffa791c0000 - 0x00007ffa79542000 	C:\WINDOWS\System32\combase.dll
0x00007ffa79cc0000 - 0x00007ffa79d96000 	C:\WINDOWS\System32\OLEAUT32.dll
0x00007ffa56410000 - 0x00007ffa56449000 	C:\WINDOWS\SYSTEM32\dbgcore.DLL
0x00007ffa77fe0000 - 0x00007ffa78079000 	C:\WINDOWS\System32\bcryptPrimitives.dll
0x00007ffa65500000 - 0x00007ffa65525000 	C:\Program Files\Java\jdk-17\bin\java.dll
0x00007ffa639b0000 - 0x00007ffa63a87000 	C:\Program Files\Java\jdk-17\bin\jsvml.dll
0x00007ffa78340000 - 0x00007ffa78a69000 	C:\WINDOWS\System32\SHELL32.dll
0x00007ffa77960000 - 0x00007ffa77ac8000 	C:\WINDOWS\System32\wintypes.dll
0x00007ffa750d0000 - 0x00007ffa75922000 	C:\WINDOWS\SYSTEM32\windows.storage.dll
0x00007ffa78150000 - 0x00007ffa7823d000 	C:\WINDOWS\System32\SHCORE.dll
0x00007ffa79c30000 - 0x00007ffa79c94000 	C:\WINDOWS\System32\shlwapi.dll
0x00007ffa77370000 - 0x00007ffa7739f000 	C:\WINDOWS\SYSTEM32\profapi.dll
0x00007ffa654a0000 - 0x00007ffa654b9000 	C:\Program Files\Java\jdk-17\bin\net.dll
0x00007ffa70c50000 - 0x00007ffa70d6d000 	C:\WINDOWS\SYSTEM32\WINHTTP.dll
0x00007ffa768b0000 - 0x00007ffa7691a000 	C:\WINDOWS\system32\mswsock.dll
0x00007ffa64160000 - 0x00007ffa64176000 	C:\Program Files\Java\jdk-17\bin\nio.dll
0x00007ffa64140000 - 0x00007ffa64158000 	C:\Program Files\Java\jdk-17\bin\zip.dll
0x00007ffa654f0000 - 0x00007ffa654fa000 	C:\Program Files\Java\jdk-17\bin\management.dll
0x00007ffa65380000 - 0x00007ffa6538b000 	C:\Program Files\Java\jdk-17\bin\management_ext.dll
0x00007ffa4dcc0000 - 0x00007ffa4dcd8000 	C:\WINDOWS\system32\napinsp.dll
0x00007ffa75d50000 - 0x00007ffa75e75000 	C:\WINDOWS\SYSTEM32\DNSAPI.dll
0x00007ffa75d10000 - 0x00007ffa75d43000 	C:\WINDOWS\SYSTEM32\IPHLPAPI.DLL
0x00007ffa790e0000 - 0x00007ffa790ea000 	C:\WINDOWS\System32\NSI.dll
0x00007ffa4cb30000 - 0x00007ffa4cb42000 	C:\WINDOWS\System32\winrnr.dll
0x00007ffa4ca40000 - 0x00007ffa4ca70000 	C:\WINDOWS\system32\nlansp_c.dll
0x00007ffa6ea40000 - 0x00007ffa6ea56000 	C:\WINDOWS\system32\wshbth.dll
0x00007ffa6ec10000 - 0x00007ffa6ec1b000 	C:\Windows\System32\rasadhlp.dll
0x00007ffa71310000 - 0x00007ffa71395000 	C:\WINDOWS\System32\fwpuclnt.dll
0x00007ffa76b50000 - 0x00007ffa76b6c000 	C:\WINDOWS\SYSTEM32\CRYPTSP.dll
0x00007ffa76240000 - 0x00007ffa7627a000 	C:\WINDOWS\system32\rsaenh.dll
0x00007ffa76950000 - 0x00007ffa7697b000 	C:\WINDOWS\SYSTEM32\USERENV.dll
0x00007ffa77340000 - 0x00007ffa77366000 	C:\WINDOWS\SYSTEM32\bcrypt.dll
0x00007ffa76b70000 - 0x00007ffa76b7c000 	C:\WINDOWS\SYSTEM32\CRYPTBASE.dll
0x00007ffa70f40000 - 0x00007ffa70f5f000 	C:\WINDOWS\SYSTEM32\dhcpcsvc6.DLL
0x00007ffa70f10000 - 0x00007ffa70f35000 	C:\WINDOWS\SYSTEM32\dhcpcsvc.DLL
0x00007ffa65090000 - 0x00007ffa6509e000 	C:\Program Files\Java\jdk-17\bin\sunmscapi.dll
0x00007ffa77660000 - 0x00007ffa777d7000 	C:\WINDOWS\System32\CRYPT32.dll
0x00007ffa76d50000 - 0x00007ffa76d80000 	C:\WINDOWS\SYSTEM32\ncrypt.dll
0x00007ffa76d00000 - 0x00007ffa76d3f000 	C:\WINDOWS\SYSTEM32\NTASN1.dll
0x00007ffa64100000 - 0x00007ffa64110000 	C:\Program Files\Java\jdk-17\bin\verify.dll

dbghelp: loaded successfully - version: 4.0.5 - missing functions: none
symbol engine: initialized successfully - sym options: 0x614 - pdb path: .;C:\Program Files\Java\jdk-17\bin;C:\WINDOWS\SYSTEM32;C:\WINDOWS\WinSxS\amd64_microsoft.windows.common-controls_6595b64144ccf1df_6.0.26100.3624_none_3e086962e3345f24;C:\Program Files\Java\jdk-17\bin\server

VM Arguments:
jvm_args: -Dcom.sun.management.jmxremote -Dcom.sun.management.jmxremote.port=65521 -Dcom.sun.management.jmxremote.authenticate=false -Dcom.sun.management.jmxremote.ssl=false -Djava.rmi.server.hostname=localhost -Dspring.jmx.enabled=true -Dmanagement.endpoints.jmx.exposure.include=* -Dspring.application.admin.enabled=true -Dspring.output.ansi.enabled=always -XX:TieredStopAtLevel=1 -Dspring.boot.project.name=gere-demande -Dfile.encoding=UTF-8 -Dstdout.encoding=UTF-8 -Dstderr.encoding=UTF-8 -XX:+ShowCodeDetailsInExceptionMessages 
java_command: com.cmdpfe.demande.GereDemandeApplication
java_class_path (initial): C:\Users\Pc\Documents\GitHub\CRM_EE2\CRM_EE\gere-demande\target\classes;C:\Users\Pc\.m2\repository\org\springframework\boot\spring-boot-starter-data-jpa\3.4.4\spring-boot-starter-data-jpa-3.4.4.jar;C:\Users\Pc\.m2\repository\org\springframework\boot\spring-boot-starter\3.4.4\spring-boot-starter-3.4.4.jar;C:\Users\Pc\.m2\repository\org\springframework\boot\spring-boot-starter-logging\3.4.4\spring-boot-starter-logging-3.4.4.jar;C:\Users\Pc\.m2\repository\ch\qos\logback\logback-classic\1.5.18\logback-classic-1.5.18.jar;C:\Users\Pc\.m2\repository\ch\qos\logback\logback-core\1.5.18\logback-core-1.5.18.jar;C:\Users\Pc\.m2\repository\org\apache\logging\log4j\log4j-to-slf4j\2.24.3\log4j-to-slf4j-2.24.3.jar;C:\Users\Pc\.m2\repository\org\apache\logging\log4j\log4j-api\2.24.3\log4j-api-2.24.3.jar;C:\Users\Pc\.m2\repository\org\slf4j\jul-to-slf4j\2.0.17\jul-to-slf4j-2.0.17.jar;C:\Users\Pc\.m2\repository\jakarta\annotation\jakarta.annotation-api\2.1.1\jakarta.annotation-api-2.1.1.jar;C:\Users\Pc\.m2\repository\org\yaml\snakeyaml\2.3\snakeyaml-2.3.jar;C:\Users\Pc\.m2\repository\org\springframework\boot\spring-boot-starter-jdbc\3.4.4\spring-boot-starter-jdbc-3.4.4.jar;C:\Users\Pc\.m2\repository\com\zaxxer\HikariCP\5.1.0\HikariCP-5.1.0.jar;C:\Users\Pc\.m2\repository\org\springframework\spring-jdbc\6.2.5\spring-jdbc-6.2.5.jar;C:\Users\Pc\.m2\repository\org\hibernate\orm\hibernate-core\6.6.11.Final\hibernate-core-6.6.11.Final.jar;C:\Users\Pc\.m2\repository\jakarta\persistence\jakarta.persistence-api\3.1.0\jakarta.persistence-api-3.1.0.jar;C:\Users\Pc\.m2\repository\jakarta\transaction\jakarta.transaction-api\2.0.1\jakarta.transaction-api-2.0.1.jar;C:\Users\Pc\.m2\repository\org\jboss\logging\jboss-logging\3.6.1.Final\jboss-logging-3.6.1.Final.jar;C:\Users\Pc\.m2\repository\org\hibernate\common\hibernate-commons-annotations\7.0.3.Final\hibernate-commons-annotations-7.0.3.Final.jar;C:\Users\Pc\.m2\repository\io\smallrye\jandex\3.2.0\jandex-3.2.0.jar;C:\Use
Launcher Type: SUN_STANDARD

[Global flags]
     intx CICompilerCount                          = 12                                        {product} {ergonomic}
     uint ConcGCThreads                            = 3                                         {product} {ergonomic}
     uint G1ConcRefinementThreads                  = 13                                        {product} {ergonomic}
   size_t G1HeapRegionSize                         = 1048576                                   {product} {ergonomic}
    uintx GCDrainStackTargetSize                   = 64                                        {product} {ergonomic}
   size_t InitialHeapSize                          = 121634816                                 {product} {ergonomic}
     bool ManagementServer                         = true                                      {product} {command line}
   size_t MarkStackSize                            = 4194304                                   {product} {ergonomic}
   size_t MaxHeapSize                              = 1946157056                                {product} {ergonomic}
   size_t MaxNewSize                               = 1167065088                                {product} {ergonomic}
   size_t MinHeapDeltaBytes                        = 1048576                                   {product} {ergonomic}
   size_t MinHeapSize                              = 8388608                                   {product} {ergonomic}
    uintx NonProfiledCodeHeapSize                  = 0                                      {pd product} {ergonomic}
     bool ProfileInterpreter                       = false                                  {pd product} {command line}
    uintx ProfiledCodeHeapSize                     = 0                                      {pd product} {ergonomic}
     bool ShowCodeDetailsInExceptionMessages       = true                                   {manageable} {command line}
   size_t SoftMaxHeapSize                          = 1946157056                             {manageable} {ergonomic}
     intx TieredStopAtLevel                        = 1                                         {product} {command line}
     bool UseCompressedClassPointers               = true                           {product lp64_product} {ergonomic}
     bool UseCompressedOops                        = true                           {product lp64_product} {ergonomic}
     bool UseG1GC                                  = true                                      {product} {ergonomic}
     bool UseLargePagesIndividualAllocation        = false                                  {pd product} {ergonomic}

Logging:
Log output configuration:
 #0: stdout all=warning uptime,level,tags
 #1: stderr all=off uptime,level,tags

Environment Variables:
JAVA_HOME=C:\Program Files\Java\jdk-17
PATH=C:/Users/Pc/sts-4.28.1.RELEASE//plugins/org.eclipse.justj.openjdk.hotspot.jre.full.win32.x86_64_21.0.6.v20250130-0529/jre/bin/server;C:/Users/Pc/sts-4.28.1.RELEASE//plugins/org.eclipse.justj.openjdk.hotspot.jre.full.win32.x86_64_21.0.6.v20250130-0529/jre/bin;C:\Users\Pc\Downloads\WINDOWS.X64_193000_db_home\bin;C:\Users\Pc\Downloads\WINDOWS.X64_213000_db_home\bin;C:\Program Files\Common Files\Oracle\Java\javapath;C:\Program Files\Eclipse Adoptium\jdk-21.0.4.7-hotspot\bin;C:\WINDOWS\system32;C:\WINDOWS;C:\WINDOWS\System32\Wbem;C:\WINDOWS\System32\WindowsPowerShell\v1.0\;C:\WINDOWS\System32\OpenSSH\;C:\Program Files\dotnet\;C:\Program Files\Git\cmd;C:\Program Files\Java\jdk-17\bin;C:\Program Files\nodejs\;C:\Program Files\PowerShell\7\;C:\Program Files\Docker\Docker\resources\bin;C:\Program Files\PowerShell\7-preview\preview;C:\Users\Pc\Downloads\apache-maven-3.9.9-bin\apache-maven-3.9.9\bin;C:\Users\Pc\AppData\Local\Microsoft\WindowsApps;C:\Users\Pc\AppData\Local\Programs\Microsoft VS Code\bin;C:\Users\Pc\Documents\FlutterDev\flutter\bin;C:\Users\Pc\AppData\Roaming\npm;C:\Users\Pc\AppData\Local\GitHubDesktop\bin;C:\Users\Pc\sts-4.28.1.RELEASE;
USERNAME=Pc
OS=Windows_NT
PROCESSOR_IDENTIFIER=AMD64 Family 25 Model 68 Stepping 1, AuthenticAMD



---------------  S Y S T E M  ---------------

OS:
 Windows 11 , 64 bit Build 26100 (10.0.26100.3775)
OS uptime: 0 days 10:18 hours
Hyper-V role detected

CPU: total 16 (initial active 16) (16 cores per cpu, 2 threads per core) family 25 model 68 stepping 1 microcode 0xa404101, cx8, cmov, fxsr, ht, mmx, 3dnowpref, sse, sse2, sse3, ssse3, sse4a, sse4.1, sse4.2, popcnt, lzcnt, tsc, tscinvbit, avx, avx2, aes, clmul, bmi1, bmi2, adx, sha, fma, vzeroupper, clflush, clflushopt, hv

Memory: 4k page, system-wide physical 7421M (627M free)
TotalPageFile size 29949M (AvailPageFile size 109M)
current process WorkingSet (physical memory assigned to process): 265M, peak: 265M
current process commit charge ("private bytes"): 334M, peak: 533M

vm_info: Java HotSpot(TM) 64-Bit Server VM (17.0.12+8-LTS-286) for windows-amd64 JRE (17.0.12+8-LTS-286), built on Jun  5 2024 06:46:59 by "mach5one" with MS VC++ 17.6 (VS2022)

END.
