#
# There is insufficient memory for the Java Runtime Environment to continue.
# Native memory allocation (mmap) failed to map 121634816 bytes for G1 virtual space
# Possible reasons:
#   The system is out of physical RAM or swap space
#   The process is running with CompressedOops enabled, and the Java Heap may be blocking the growth of the native heap
# Possible solutions:
#   Reduce memory load on the system
#   Increase physical memory or swap space
#   Check if swap backing store is full
#   Decrease Java heap size (-Xmx/-Xms)
#   Decrease number of Java threads
#   Decrease Java thread stack sizes (-Xss)
#   Set larger code cache with -XX:ReservedCodeCacheSize=
#   JVM is running with Unscaled Compressed Oops mode in which the Java heap is
#     placed in the first 4GB address space. The Java Heap base address is the
#     maximum limit for the native heap growth. Please use -XX:HeapBaseMinAddress
#     to set the Java Heap base and to place the Java Heap above 4GB virtual address.
# This output file may be truncated or incomplete.
#
#  Out of Memory Error (os_windows.cpp:3548), pid=25784, tid=10708
#
# JRE version:  (17.0.12+8) (build )
# Java VM: Java HotSpot(TM) 64-Bit Server VM (17.0.12+8-LTS-286, mixed mode, emulated-client, sharing, tiered, compressed oops, compressed class ptrs, g1 gc, windows-amd64)
# No core dump will be written. Minidumps are not enabled by default on client versions of Windows
#

---------------  S U M M A R Y ------------

Command Line: -Dcom.sun.management.jmxremote -Dcom.sun.management.jmxremote.port=49786 -Dcom.sun.management.jmxremote.authenticate=false -Dcom.sun.management.jmxremote.ssl=false -Djava.rmi.server.hostname=localhost -Dspring.jmx.enabled=true -Dmanagement.endpoints.jmx.exposure.include=* -Dspring.application.admin.enabled=true -Dspring.output.ansi.enabled=always -XX:TieredStopAtLevel=1 -Dspring.boot.project.name=gere-demande -Dfile.encoding=UTF-8 -Dstdout.encoding=UTF-8 -Dstderr.encoding=UTF-8 -XX:+ShowCodeDetailsInExceptionMessages com.cmdpfe.demande.GereDemandeApplication

Host: AMD Ryzen 7 6800H with Radeon Graphics         , 16 cores, 7G,  Windows 11 , 64 bit Build 26100 (10.0.26100.3775)
Time: Tue May  6 00:03:08 2025 Paris, Madrid (heure duild 26100 (10.0.26100.3775) elapsed time: 1.515963 seconds (0d 0h 0m 1s)

---------------  T H R E A D  ---------------

Current thread (0x00000207a8e17650):  JavaThread "Unknown thread" [_thread_in_vm, id=10708, stack(0x0000002b2be00000,0x0000002b2bf00000)]

Stack: [0x0000002b2be00000,0x0000002b2bf00000]
Native frames: (J=compiled Java code, j=interpreted, Vv=VM code, C=native code)
V  [jvm.dll+0x67a04a]
V  [jvm.dll+0x7da4ed]
V  [jvm.dll+0x7dbe33]
V  [jvm.dll+0x7dc4a3]
V  [jvm.dll+0x24508f]
V  [jvm.dll+0x677089]
V  [jvm.dll+0x66bd32]
V  [jvm.dll+0x301fa6]
V  [jvm.dll+0x309546]
V  [jvm.dll+0x359d2e]
V  [jvm.dll+0x359f5f]
V  [jvm.dll+0x2d9078]
V  [jvm.dll+0x2d9fe4]
V  [jvm.dll+0x7aca21]
V  [jvm.dll+0x367591]
V  [jvm.dll+0x78b999]
V  [jvm.dll+0x3ec83f]
V  [jvm.dll+0x3ee471]
C  [jli.dll+0x5297]
C  [ucrtbase.dll+0x37b0]
C  [KERNEL32.DLL+0x2e8d7]
C  [ntdll.dll+0xb14fc]


---------------  P R O C E S S  ---------------

Threads class SMR info:
_java_thread_list=0x00007ff9d3887a18, length=0, elements={
}

Java Threads: ( => current thread )

Other Threads:
  0x00000207a8e6e5c0 GCTaskThread "GC Thread#0" [stack: 0x0000002b2bf00000,0x0000002b2c000000] [id=2348]
  0x00000207a8e9b690 ConcurrentGCThread "G1 Main Marker" [stack: 0x0000002b2c000000,0x0000002b2c100000] [id=10248]
  0x00000207a8e9bfb0 ConcurrentGCThread "G1 Conc#0" [stack: 0x0000002b2c100000,0x0000002b2c200000] [id=11412]

[error occurred during error reporting (printing all threads), id 0xc0000005, EXCEPTION_ACCESS_VIOLATION (0xc0000005) at pc=0x00007ff9d30b9b67]

VM state: not at safepoint (not fully initialized)

VM Mutex/Monitor currently owned by a thread:  ([mutex/lock_event])
[0x00000207a8e13700] Heap_lock - owner thread: 0x00000207a8e17650

Heap address: 0x000000008c000000, size: 1856 MB, Compressed Oops mode: 32-bit

CDS archive(s) mapped at: [0x0000000000000000-0x0000000000000000-0x0000000000000000), size 0, SharedBaseAddress: 0x0000000800000000, ArchiveRelocationMode: 1.
Narrow klass base: 0x0000000000000000, Narrow klass shift: 0, Narrow klass range: 0x0

GC Precious Log:
<Empty>

Heap:
 garbage-first heap   total 0K, used 0K [0x000000008c000000, 0x0000000100000000)
  region size 1024K, 0 young (0K), 0 survivors (0K)

[error occurred during error reporting (printing heap information), id 0xc0000005, EXCEPTION_ACCESS_VIOLATION (0xc0000005) at pc=0x00007ff9d34a3859]

GC Heap History (0 events):
No events

Deoptimization events (0 events):
No events

Classes unloaded (0 events):
No events

Classes redefined (0 events):
No events

Internal exceptions (0 events):
No events

VM Operations (0 events):
No events

Events (1 events):
Event: 0.022 Loaded shared library C:\Program Files\Java\jdk-17\bin\java.dll


Dynamic libraries:
0x00007ff763630000 - 0x00007ff763640000 	C:\Program Files\Java\jdk-17\bin\javaw.exe
0x00007ffa7a280000 - 0x00007ffa7a4e0000 	C:\WINDOWS\SYSTEM32\ntdll.dll
0x00007ffa790f0000 - 0x00007ffa791b7000 	C:\WINDOWS\System32\KERNEL32.DLL
0x00007ffa77ad0000 - 0x00007ffa77e9a000 	C:\WINDOWS\System32\KERNELBASE.dll
0x00007ffa77460000 - 0x00007ffa775ab000 	C:\WINDOWS\System32\ucrtbase.dll
0x00007ffa65590000 - 0x00007ffa655a9000 	C:\Program Files\Java\jdk-17\bin\jli.dll
0x00007ffa655b0000 - 0x00007ffa655cb000 	C:\Program Files\Java\jdk-17\bin\VCRUNTIME140.dll
0x00007ffa7a0e0000 - 0x00007ffa7a192000 	C:\WINDOWS\System32\ADVAPI32.dll
0x00007ffa78080000 - 0x00007ffa78129000 	C:\WINDOWS\System32\msvcrt.dll
0x00007ffa79550000 - 0x00007ffa795f6000 	C:\WINDOWS\System32\sechost.dll
0x00007ffa78ac0000 - 0x00007ffa78bd6000 	C:\WINDOWS\System32\RPCRT4.dll
0x00007ffa78c60000 - 0x00007ffa78e2c000 	C:\WINDOWS\System32\USER32.dll
0x00007ffa77870000 - 0x00007ffa77897000 	C:\WINDOWS\System32\win32u.dll
0x00007ffa5b8f0000 - 0x00007ffa5bb87000 	C:\WINDOWS\WinSxS\amd64_microsoft.windows.common-controls_6595b64144ccf1df_6.0.26100.3624_none_3e086962e3345f24\COMCTL32.dll
0x00007ffa78eb0000 - 0x00007ffa78eda000 	C:\WINDOWS\System32\GDI32.dll
0x00007ffa77ea0000 - 0x00007ffa77fd1000 	C:\WINDOWS\System32\gdi32full.dll
0x00007ffa775b0000 - 0x00007ffa77653000 	C:\WINDOWS\System32\msvcp_win.dll
0x00007ffa70810000 - 0x00007ffa7081b000 	C:\WINDOWS\SYSTEM32\VERSION.dll
0x00007ffa79600000 - 0x00007ffa7962f000 	C:\WINDOWS\System32\IMM32.DLL
0x00007ffa6e5c0000 - 0x00007ffa6e5cc000 	C:\Program Files\Java\jdk-17\bin\vcruntime140_1.dll
0x00007ffa64020000 - 0x00007ffa640ae000 	C:\Program Files\Java\jdk-17\bin\msvcp140.dll
0x00007ff9d2dd0000 - 0x00007ff9d39b0000 	C:\Program Files\Java\jdk-17\bin\server\jvm.dll
0x00007ffa79cb0000 - 0x00007ffa79cb8000 	C:\WINDOWS\System32\PSAPI.DLL
0x00007ffa4cb20000 - 0x00007ffa4cb2a000 	C:\WINDOWS\SYSTEM32\WSOCK32.dll
0x00007ffa65930000 - 0x00007ffa65966000 	C:\WINDOWS\SYSTEM32\WINMM.dll
0x00007ffa78be0000 - 0x00007ffa78c54000 	C:\WINDOWS\System32\WS2_32.dll
0x00007ffa762e0000 - 0x00007ffa762fa000 	C:\WINDOWS\SYSTEM32\kernel.appcore.dll
0x00007ffa65730000 - 0x00007ffa6573a000 	C:\Program Files\Java\jdk-17\bin\jimage.dll
0x00007ffa643a0000 - 0x00007ffa645e1000 	C:\WINDOWS\SYSTEM32\DBGHELP.DLL
0x00007ffa791c0000 - 0x00007ffa79542000 	C:\WINDOWS\System32\combase.dll
0x00007ffa79cc0000 - 0x00007ffa79d96000 	C:\WINDOWS\System32\OLEAUT32.dll
0x00007ffa56410000 - 0x00007ffa56449000 	C:\WINDOWS\SYSTEM32\dbgcore.DLL
0x00007ffa77fe0000 - 0x00007ffa78079000 	C:\WINDOWS\System32\bcryptPrimitives.dll
0x00007ffa65500000 - 0x00007ffa65525000 	C:\Program Files\Java\jdk-17\bin\java.dll

dbghelp: loaded successfully - version: 4.0.5 - missing functions: none
symbol engine: initialized successfully - sym options: 0x614 - pdb path: .;C:\Program Files\Java\jdk-17\bin;C:\WINDOWS\SYSTEM32;C:\WINDOWS\WinSxS\amd64_microsoft.windows.common-controls_6595b64144ccf1df_6.0.26100.3624_none_3e086962e3345f24;C:\Program Files\Java\jdk-17\bin\server

VM Arguments:
jvm_args: -Dcom.sun.management.jmxremote -Dcom.sun.management.jmxremote.port=49786 -Dcom.sun.management.jmxremote.authenticate=false -Dcom.sun.management.jmxremote.ssl=false -Djava.rmi.server.hostname=localhost -Dspring.jmx.enabled=true -Dmanagement.endpoints.jmx.exposure.include=* -Dspring.application.admin.enabled=true -Dspring.output.ansi.enabled=always -XX:TieredStopAtLevel=1 -Dspring.boot.project.name=gere-demande -Dfile.encoding=UTF-8 -Dstdout.encoding=UTF-8 -Dstderr.encoding=UTF-8 -XX:+ShowCodeDetailsInExceptionMessages 
java_command: com.cmdpfe.demande.GereDemandeApplication
java_class_path (initial): C:\Users\Pc\Documents\GitHub\CRM_EE2\CRM_EE\gere-demande\target\classes;C:\Users\Pc\.m2\repository\org\springframework\boot\spring-boot-starter-data-jpa\3.4.4\spring-boot-starter-data-jpa-3.4.4.jar;C:\Users\Pc\.m2\repository\org\springframework\boot\spring-boot-starter\3.4.4\spring-boot-starter-3.4.4.jar;C:\Users\Pc\.m2\repository\org\springframework\boot\spring-boot-starter-logging\3.4.4\spring-boot-starter-logging-3.4.4.jar;C:\Users\Pc\.m2\repository\ch\qos\logback\logback-classic\1.5.18\logback-classic-1.5.18.jar;C:\Users\Pc\.m2\repository\ch\qos\logback\logback-core\1.5.18\logback-core-1.5.18.jar;C:\Users\Pc\.m2\repository\org\apache\logging\log4j\log4j-to-slf4j\2.24.3\log4j-to-slf4j-2.24.3.jar;C:\Users\Pc\.m2\repository\org\apache\logging\log4j\log4j-api\2.24.3\log4j-api-2.24.3.jar;C:\Users\Pc\.m2\repository\org\slf4j\jul-to-slf4j\2.0.17\jul-to-slf4j-2.0.17.jar;C:\Users\Pc\.m2\repository\jakarta\annotation\jakarta.annotation-api\2.1.1\jakarta.annotation-api-2.1.1.jar;C:\Users\Pc\.m2\repository\org\yaml\snakeyaml\2.3\snakeyaml-2.3.jar;C:\Users\Pc\.m2\repository\org\springframework\boot\spring-boot-starter-jdbc\3.4.4\spring-boot-starter-jdbc-3.4.4.jar;C:\Users\Pc\.m2\repository\com\zaxxer\HikariCP\5.1.0\HikariCP-5.1.0.jar;C:\Users\Pc\.m2\repository\org\springframework\spring-jdbc\6.2.5\spring-jdbc-6.2.5.jar;C:\Users\Pc\.m2\repository\org\hibernate\orm\hibernate-core\6.6.11.Final\hibernate-core-6.6.11.Final.jar;C:\Users\Pc\.m2\repository\jakarta\persistence\jakarta.persistence-api\3.1.0\jakarta.persistence-api-3.1.0.jar;C:\Users\Pc\.m2\repository\jakarta\transaction\jakarta.transaction-api\2.0.1\jakarta.transaction-api-2.0.1.jar;C:\Users\Pc\.m2\repository\org\jboss\logging\jboss-logging\3.6.1.Final\jboss-logging-3.6.1.Final.jar;C:\Users\Pc\.m2\repository\org\hibernate\common\hibernate-commons-annotations\7.0.3.Final\hibernate-commons-annotations-7.0.3.Final.jar;C:\Users\Pc\.m2\repository\io\smallrye\jandex\3.2.0\jandex-3.2.0.jar;C:\Use
Launcher Type: SUN_STANDARD

[Global flags]
     intx CICompilerCount                          = 12                                        {product} {ergonomic}
     uint ConcGCThreads                            = 3                                         {product} {ergonomic}
     uint G1ConcRefinementThreads                  = 13                                        {product} {ergonomic}
   size_t G1HeapRegionSize                         = 1048576                                   {product} {ergonomic}
    uintx GCDrainStackTargetSize                   = 64                                        {product} {ergonomic}
   size_t InitialHeapSize                          = 121634816                                 {product} {ergonomic}
     bool ManagementServer                         = true                                      {product} {command line}
   size_t MarkStackSize                            = 4194304                                   {product} {ergonomic}
   size_t MaxHeapSize                              = 1946157056                                {product} {ergonomic}
   size_t MinHeapDeltaBytes                        = 1048576                                   {product} {ergonomic}
   size_t MinHeapSize                              = 8388608                                   {product} {ergonomic}
    uintx NonProfiledCodeHeapSize                  = 0                                      {pd product} {ergonomic}
     bool ProfileInterpreter                       = false                                  {pd product} {command line}
    uintx ProfiledCodeHeapSize                     = 0                                      {pd product} {ergonomic}
     bool ShowCodeDetailsInExceptionMessages       = true                                   {manageable} {command line}
   size_t SoftMaxHeapSize                          = 1946157056                             {manageable} {ergonomic}
     intx TieredStopAtLevel                        = 1                                         {product} {command line}
     bool UseCompressedClassPointers               = true                           {product lp64_product} {ergonomic}
     bool UseCompressedOops                        = true                           {product lp64_product} {ergonomic}
     bool UseG1GC                                  = true                                      {product} {ergonomic}
     bool UseLargePagesIndividualAllocation        = false                                  {pd product} {ergonomic}

Logging:
Log output configuration:
 #0: stdout all=warning uptime,level,tags
 #1: stderr all=off uptime,level,tags

Environment Variables:
JAVA_HOME=C:\Program Files\Java\jdk-17
PATH=C:/Users/Pc/sts-4.28.1.RELEASE//plugins/org.eclipse.justj.openjdk.hotspot.jre.full.win32.x86_64_21.0.6.v20250130-0529/jre/bin/server;C:/Users/Pc/sts-4.28.1.RELEASE//plugins/org.eclipse.justj.openjdk.hotspot.jre.full.win32.x86_64_21.0.6.v20250130-0529/jre/bin;C:\Users\Pc\Downloads\WINDOWS.X64_193000_db_home\bin;C:\Users\Pc\Downloads\WINDOWS.X64_213000_db_home\bin;C:\Program Files\Common Files\Oracle\Java\javapath;C:\Program Files\Eclipse Adoptium\jdk-21.0.4.7-hotspot\bin;C:\WINDOWS\system32;C:\WINDOWS;C:\WINDOWS\System32\Wbem;C:\WINDOWS\System32\WindowsPowerShell\v1.0\;C:\WINDOWS\System32\OpenSSH\;C:\Program Files\dotnet\;C:\Program Files\Git\cmd;C:\Program Files\Java\jdk-17\bin;C:\Program Files\nodejs\;C:\Program Files\PowerShell\7\;C:\Program Files\Docker\Docker\resources\bin;C:\Program Files\PowerShell\7-preview\preview;C:\Users\Pc\Downloads\apache-maven-3.9.9-bin\apache-maven-3.9.9\bin;C:\Users\Pc\AppData\Local\Microsoft\WindowsApps;C:\Users\Pc\AppData\Local\Programs\Microsoft VS Code\bin;C:\Users\Pc\Documents\FlutterDev\flutter\bin;C:\Users\Pc\AppData\Roaming\npm;C:\Users\Pc\AppData\Local\GitHubDesktop\bin;C:\Users\Pc\sts-4.28.1.RELEASE;
USERNAME=Pc
OS=Windows_NT
PROCESSOR_IDENTIFIER=AMD64 Family 25 Model 68 Stepping 1, AuthenticAMD



---------------  S Y S T E M  ---------------

OS:
 Windows 11 , 64 bit Build 26100 (10.0.26100.3775)
OS uptime: 0 days 10:23 hours
Hyper-V role detected

CPU: total 16 (initial active 16) (16 cores per cpu, 2 threads per core) family 25 model 68 stepping 1 microcode 0xa404101, cx8, cmov, fxsr, ht, mmx, 3dnowpref, sse, sse2, sse3, ssse3, sse4a, sse4.1, sse4.2, popcnt, lzcnt, tsc, tscinvbit, avx, avx2, aes, clmul, bmi1, bmi2, adx, sha, fma, vzeroupper, clflush, clflushopt, hv

Memory: 4k page, system-wide physical 7421M (557M free)
TotalPageFile size 29949M (AvailPageFile size 16M)
current process WorkingSet (physical memory assigned to process): 12M, peak: 12M
current process commit charge ("private bytes"): 66M, peak: 181M

vm_info: Java HotSpot(TM) 64-Bit Server VM (17.0.12+8-LTS-286) for windows-amd64 JRE (17.0.12+8-LTS-286), built on Jun  5 2024 06:46:59 by "mach5one" with MS VC++ 17.6 (VS2022)

END.
