#
# There is insufficient memory for the Java Runtime Environment to continue.
# Native memory allocation (mmap) failed to map 205520896 bytes for G1 virtual space
# Possible reasons:
#   The system is out of physical RAM or swap space
#   The process is running with CompressedOops enabled, and the Java Heap may be blocking the growth of the native heap
# Possible solutions:
#   Reduce memory load on the system
#   Increase physical memory or swap space
#   Check if swap backing store is full
#   Decrease Java heap size (-Xmx/-Xms)
#   Decrease number of Java threads
#   Decrease Java thread stack sizes (-Xss)
#   Set larger code cache with -XX:ReservedCodeCacheSize=
#   JVM is running with Unscaled Compressed Oops mode in which the Java heap is
#     placed in the first 4GB address space. The Java Heap base address is the
#     maximum limit for the native heap growth. Please use -XX:HeapBaseMinAddress
#     to set the Java Heap base and to place the Java Heap above 4GB virtual address.
# This output file may be truncated or incomplete.
#
#  Out of Memory Error (os_windows.cpp:3548), pid=1348, tid=33512
#
# JRE version: Java(TM) SE Runtime Environment (17.0.12+8) (build 17.0.12+8-LTS-286)
# Java VM: Java HotSpot(TM) 64-Bit Server VM (17.0.12+8-LTS-286, mixed mode, emulated-client, tiered, compressed oops, compressed class ptrs, g1 gc, windows-amd64)
# No core dump will be written. Minidumps are not enabled by default on client versions of Windows
#

---------------  S U M M A R Y ------------

Command Line: -Dcom.sun.management.jmxremote -Dcom.sun.management.jmxremote.port=49823 -Dcom.sun.management.jmxremote.authenticate=false -Dcom.sun.management.jmxremote.ssl=false -Djava.rmi.server.hostname=localhost -Dspring.jmx.enabled=true -Dmanagement.endpoints.jmx.exposure.include=* -Dspring.application.admin.enabled=true -Dspring.output.ansi.enabled=always -XX:TieredStopAtLevel=1 -Dspring.boot.project.name=gere-demande -Dfile.encoding=UTF-8 -Dstdout.encoding=UTF-8 -Dstderr.encoding=UTF-8 -XX:+ShowCodeDetailsInExceptionMessages com.cmdpfe.demande.GereDemandeApplication

Host: AMD Ryzen 7 6800H with Radeon Graphics         , 16 cores, 7G,  Windows 11 , 64 bit Build 26100 (10.0.26100.3775)
Time: Tue May  6 00:03:56 2025 Paris, Madrid (heure duild 26100 (10.0.26100.3775) elapsed time: 24.864016 seconds (0d 0h 0m 24s)

---------------  T H R E A D  ---------------

Current thread (0x000001d8130501a0):  VMThread "VM Thread" [stack: 0x0000007804500000,0x0000007804600000] [id=33512]

Stack: [0x0000007804500000,0x0000007804600000]
Native frames: (J=compiled Java code, j=interpreted, Vv=VM code, C=native code)
V  [jvm.dll+0x67a04a]
V  [jvm.dll+0x7da4ed]
V  [jvm.dll+0x7dbe33]
V  [jvm.dll+0x7dc4a3]
V  [jvm.dll+0x24508f]
V  [jvm.dll+0x677089]
V  [jvm.dll+0x66bd32]
V  [jvm.dll+0x301fa6]
V  [jvm.dll+0x309546]
V  [jvm.dll+0x359d2e]
V  [jvm.dll+0x359f5f]
V  [jvm.dll+0x2d9078]
V  [jvm.dll+0x2d74ad]
V  [jvm.dll+0x2d6afc]
V  [jvm.dll+0x31a65b]
V  [jvm.dll+0x7e0d9b]
V  [jvm.dll+0x7e1ad4]
V  [jvm.dll+0x7e1fed]
V  [jvm.dll+0x7e23c4]
V  [jvm.dll+0x7e2490]
V  [jvm.dll+0x78abea]
V  [jvm.dll+0x678f35]
C  [ucrtbase.dll+0x37b0]
C  [KERNEL32.DLL+0x2e8d7]
C  [ntdll.dll+0xb14fc]

VM_Operation (0x00000078063f7890): G1CollectForAllocation, mode: safepoint, requested by thread 0x000001d818506a20


---------------  P R O C E S S  ---------------

Threads class SMR info:
_java_thread_list=0x000001d818804bb0, length=30, elements={
0x000001d87e8fddf0, 0x000001d8130518d0, 0x000001d8130a20d0, 0x000001d8130be400,
0x000001d8130be9e0, 0x000001d8130fdf50, 0x000001d813100440, 0x000001d813105630,
0x000001d8130ad3d0, 0x000001d813033ad0, 0x000001d8132e5800, 0x000001d813403dc0,
0x000001d813bd75e0, 0x000001d813bd8780, 0x000001d813bccd70, 0x000001d818476d60,
0x000001d818507d70, 0x000001d8185055e0, 0x000001d818506510, 0x000001d818505af0,
0x000001d818506a20, 0x000001d8185050d0, 0x000001d8195948f0, 0x000001d819593ed0,
0x000001d819594e00, 0x000001d819592fa0, 0x000001d8195934b0, 0x000001d8195939c0,
0x000001d819592070, 0x000001d818c9dd30
}

Java Threads: ( => current thread )
  0x000001d87e8fddf0 JavaThread "main" [_thread_blocked, id=5104, stack(0x0000007803f00000,0x0000007804000000)]
  0x000001d8130518d0 JavaThread "Reference Handler" daemon [_thread_blocked, id=24848, stack(0x0000007804600000,0x0000007804700000)]
  0x000001d8130a20d0 JavaThread "Finalizer" daemon [_thread_blocked, id=18316, stack(0x0000007804700000,0x0000007804800000)]
  0x000001d8130be400 JavaThread "Signal Dispatcher" daemon [_thread_blocked, id=24960, stack(0x0000007804800000,0x0000007804900000)]
  0x000001d8130be9e0 JavaThread "Attach Listener" daemon [_thread_blocked, id=32932, stack(0x0000007804900000,0x0000007804a00000)]
  0x000001d8130fdf50 JavaThread "Service Thread" daemon [_thread_blocked, id=2020, stack(0x0000007804a00000,0x0000007804b00000)]
  0x000001d813100440 JavaThread "Monitor Deflation Thread" daemon [_thread_blocked, id=23512, stack(0x0000007804b00000,0x0000007804c00000)]
  0x000001d813105630 JavaThread "C1 CompilerThread0" daemon [_thread_blocked, id=24656, stack(0x0000007804c00000,0x0000007804d00000)]
  0x000001d8130ad3d0 JavaThread "Sweeper thread" daemon [_thread_blocked, id=14348, stack(0x0000007804d00000,0x0000007804e00000)]
  0x000001d813033ad0 JavaThread "Common-Cleaner" daemon [_thread_blocked, id=22656, stack(0x0000007804e00000,0x0000007804f00000)]
  0x000001d8132e5800 JavaThread "Notification Thread" daemon [_thread_blocked, id=27752, stack(0x0000007805000000,0x0000007805100000)]
  0x000001d813403dc0 JavaThread "C1 CompilerThread1" daemon [_thread_blocked, id=30544, stack(0x0000007804f00000,0x0000007805000000)]
  0x000001d813bd75e0 JavaThread "RMI TCP Accept-0" daemon [_thread_in_native, id=11336, stack(0x0000007805200000,0x0000007805300000)]
  0x000001d813bd8780 JavaThread "RMI TCP Accept-49823" daemon [_thread_in_native, id=20244, stack(0x0000007805300000,0x0000007805400000)]
  0x000001d813bccd70 JavaThread "RMI TCP Accept-0" daemon [_thread_in_native, id=33772, stack(0x0000007805400000,0x0000007805500000)]
  0x000001d818476d60 JavaThread "RMI TCP Connection(1)-127.0.0.1" daemon [_thread_in_native, id=4948, stack(0x0000007805600000,0x0000007805700000)]
  0x000001d818507d70 JavaThread "RMI Scheduler(0)" daemon [_thread_blocked, id=29772, stack(0x0000007805700000,0x0000007805800000)]
  0x000001d8185055e0 JavaThread "RMI TCP Connection(2)-127.0.0.1" daemon [_thread_blocked, id=29168, stack(0x0000007806000000,0x0000007806100000)]
  0x000001d818506510 JavaThread "JMX server connection timeout 30" daemon [_thread_blocked, id=31084, stack(0x0000007806100000,0x0000007806200000)]
  0x000001d818505af0 JavaThread "Thread-0" [_thread_blocked, id=33592, stack(0x0000007806200000,0x0000007806300000)]
  0x000001d818506a20 JavaThread "restartedMain" [_thread_blocked, id=24944, stack(0x0000007806300000,0x0000007806400000)]
  0x000001d8185050d0 JavaThread "Catalina-utility-1" [_thread_blocked, id=9800, stack(0x0000007806600000,0x0000007806700000)]
  0x000001d8195948f0 JavaThread "Catalina-utility-2" [_thread_blocked, id=428, stack(0x0000007806c00000,0x0000007806d00000)]
  0x000001d819593ed0 JavaThread "container-0" [_thread_blocked, id=28224, stack(0x0000007806d00000,0x0000007806e00000)]
  0x000001d819594e00 JavaThread "oracle.jdbc.diagnostics.Diagnostic.CLOCK" daemon [_thread_blocked, id=24280, stack(0x0000007806e00000,0x0000007806f00000)]
  0x000001d819592fa0 JavaThread "oracle.jdbc.driver.BlockSource.ThreadedCachingBlockSource.BlockReleaser" daemon [_thread_blocked, id=8504, stack(0x0000007806f00000,0x0000007807000000)]
  0x000001d8195934b0 JavaThread "InterruptTimer" daemon [_thread_blocked, id=30136, stack(0x0000007807100000,0x0000007807200000)]
  0x000001d8195939c0 JavaThread "OJDBC-WORKER-THREAD-1" daemon [_thread_blocked, id=31684, stack(0x0000007807200000,0x0000007807300000)]
  0x000001d819592070 JavaThread "HikariPool-1 housekeeper" daemon [_thread_blocked, id=12360, stack(0x0000007807300000,0x0000007807400000)]
  0x000001d818c9dd30 JavaThread "C1 CompilerThread2" daemon [_thread_blocked, id=29332, stack(0x0000007805100000,0x0000007805200000)]

Other Threads:
=>0x000001d8130501a0 VMThread "VM Thread" [stack: 0x0000007804500000,0x0000007804600000] [id=33512]
  0x000001d813b5c910 WatcherThread [stack: 0x0000007805500000,0x0000007805600000] [id=10684]
  0x000001d87f06f0b0 GCTaskThread "GC Thread#0" [stack: 0x0000007804000000,0x0000007804100000] [id=9168]
  0x000001d81855dff0 GCTaskThread "GC Thread#1" [stack: 0x0000007805900000,0x0000007805a00000] [id=5868]
  0x000001d818580c20 GCTaskThread "GC Thread#2" [stack: 0x0000007805a00000,0x0000007805b00000] [id=31120]
  0x000001d818580ee0 GCTaskThread "GC Thread#3" [stack: 0x0000007805b00000,0x0000007805c00000] [id=33428]
  0x000001d8185811a0 GCTaskThread "GC Thread#4" [stack: 0x0000007805c00000,0x0000007805d00000] [id=6676]
  0x000001d818585c80 GCTaskThread "GC Thread#5" [stack: 0x0000007805d00000,0x0000007805e00000] [id=22540]
  0x000001d81858f020 GCTaskThread "GC Thread#6" [stack: 0x0000007805e00000,0x0000007805f00000] [id=8640]
  0x000001d81858fb20 GCTaskThread "GC Thread#7" [stack: 0x0000007805f00000,0x0000007806000000] [id=16936]
  0x000001d81858ed60 GCTaskThread "GC Thread#8" [stack: 0x0000007806400000,0x0000007806500000] [id=29816]
  0x000001d81858f860 GCTaskThread "GC Thread#9" [stack: 0x0000007806500000,0x0000007806600000] [id=3604]
  0x000001d81858f2e0 GCTaskThread "GC Thread#10" [stack: 0x0000007806700000,0x0000007806800000] [id=32236]
  0x000001d81858e260 GCTaskThread "GC Thread#11" [stack: 0x0000007806a00000,0x0000007806b00000] [id=32112]
  0x000001d81858e520 GCTaskThread "GC Thread#12" [stack: 0x0000007806b00000,0x0000007806c00000] [id=26368]
  0x000001d87f07e800 ConcurrentGCThread "G1 Main Marker" [stack: 0x0000007804100000,0x0000007804200000] [id=2172]
  0x000001d87f082690 ConcurrentGCThread "G1 Conc#0" [stack: 0x0000007804200000,0x0000007804300000] [id=29576]
  0x000001d81858f5a0 ConcurrentGCThread "G1 Conc#1" [stack: 0x0000007806800000,0x0000007806900000] [id=1916]
  0x000001d81858dfa0 ConcurrentGCThread "G1 Conc#2" [stack: 0x0000007806900000,0x0000007806a00000] [id=6952]
  0x000001d87f0ce510 ConcurrentGCThread "G1 Refine#0" [stack: 0x0000007804300000,0x0000007804400000] [id=33456]
  0x000001d813d94f30 ConcurrentGCThread "G1 Refine#1" [stack: 0x0000007805800000,0x0000007805900000] [id=5292]
  0x000001d812ef4120 ConcurrentGCThread "G1 Service" [stack: 0x0000007804400000,0x0000007804500000] [id=18812]

Threads with active compile tasks:

VM state: at safepoint (normal execution)

VM Mutex/Monitor currently owned by a thread:  ([mutex/lock_event])
[0x000001d87e8fa9f0] Threads_lock - owner thread: 0x000001d8130501a0
[0x000001d87e8fbbf0] Heap_lock - owner thread: 0x000001d818506a20

Heap address: 0x000000008c000000, size: 1856 MB, Compressed Oops mode: 32-bit

CDS archive(s) not mapped
Compressed class space mapped at: 0x0000000100000000-0x0000000140000000, reserved size: 1073741824
Narrow klass base: 0x0000000000000000, Narrow klass shift: 3, Narrow klass range: 0x140000000

GC Precious Log:
 CPUs: 16 total, 16 available
 Memory: 7421M
 Large Page Support: Disabled
 NUMA Support: Disabled
 Compressed Oops: Enabled (32-bit)
 Heap Region Size: 1M
 Heap Min Capacity: 8M
 Heap Initial Capacity: 116M
 Heap Max Capacity: 1856M
 Pre-touch: Disabled
 Parallel Workers: 13
 Concurrent Workers: 3
 Concurrent Refinement Workers: 13
 Periodic GC: Disabled

Heap:
 garbage-first heap   total 118784K, used 57201K [0x000000008c000000, 0x0000000100000000)
  region size 1024K, 2 young (2048K), 2 survivors (2048K)
 Metaspace       used 82667K, committed 83328K, reserved 1179648K
  class space    used 11783K, committed 12096K, reserved 1048576K

Heap Regions: E=young(eden), S=young(survivor), O=old, HS=humongous(starts), HC=humongous(continues), CS=collection set, F=free, OA=open archive, CA=closed archive, TAMS=top-at-mark-start (previous, next)
|   0|0x000000008c000000, 0x000000008c100000, 0x000000008c100000|100%|HS|  |TAMS 0x000000008c100000, 0x000000008c000000| Complete 
|   1|0x000000008c100000, 0x000000008c200000, 0x000000008c200000|100%|HS|  |TAMS 0x000000008c200000, 0x000000008c100000| Complete 
|   2|0x000000008c200000, 0x000000008c300000, 0x000000008c300000|100%| O|  |TAMS 0x000000008c300000, 0x000000008c200000| Untracked 
|   3|0x000000008c300000, 0x000000008c400000, 0x000000008c400000|100%| O|  |TAMS 0x000000008c400000, 0x000000008c300000| Untracked 
|   4|0x000000008c400000, 0x000000008c500000, 0x000000008c500000|100%| O|  |TAMS 0x000000008c500000, 0x000000008c400000| Untracked 
|   5|0x000000008c500000, 0x000000008c600000, 0x000000008c600000|100%| O|  |TAMS 0x000000008c600000, 0x000000008c500000| Untracked 
|   6|0x000000008c600000, 0x000000008c700000, 0x000000008c700000|100%| O|  |TAMS 0x000000008c700000, 0x000000008c600000| Untracked 
|   7|0x000000008c700000, 0x000000008c800000, 0x000000008c800000|100%| O|  |TAMS 0x000000008c800000, 0x000000008c700000| Untracked 
|   8|0x000000008c800000, 0x000000008c900000, 0x000000008c900000|100%| O|  |TAMS 0x000000008c900000, 0x000000008c800000| Updating 
|   9|0x000000008c900000, 0x000000008ca00000, 0x000000008ca00000|100%| O|  |TAMS 0x000000008ca00000, 0x000000008c900000| Untracked 
|  10|0x000000008ca00000, 0x000000008cb00000, 0x000000008cb00000|100%| O|  |TAMS 0x000000008cb00000, 0x000000008ca00000| Untracked 
|  11|0x000000008cb00000, 0x000000008cc00000, 0x000000008cc00000|100%| O|  |TAMS 0x000000008cb00000, 0x000000008cb00000| Untracked 
|  12|0x000000008cc00000, 0x000000008cd00000, 0x000000008cd00000|100%| O|  |TAMS 0x000000008cd00000, 0x000000008cc00000| Untracked 
|  13|0x000000008cd00000, 0x000000008ce00000, 0x000000008ce00000|100%| O|  |TAMS 0x000000008ce00000, 0x000000008cd00000| Untracked 
|  14|0x000000008ce00000, 0x000000008cf00000, 0x000000008cf00000|100%| O|  |TAMS 0x000000008cf00000, 0x000000008ce00000| Updating 
|  15|0x000000008cf00000, 0x000000008d000000, 0x000000008d000000|100%| O|  |TAMS 0x000000008d000000, 0x000000008cf00000| Updating 
|  16|0x000000008d000000, 0x000000008d100000, 0x000000008d100000|100%| O|  |TAMS 0x000000008d100000, 0x000000008d000000| Untracked 
|  17|0x000000008d100000, 0x000000008d200000, 0x000000008d200000|100%| O|  |TAMS 0x000000008d200000, 0x000000008d100000| Updating 
|  18|0x000000008d200000, 0x000000008d300000, 0x000000008d300000|100%| O|  |TAMS 0x000000008d300000, 0x000000008d200000| Untracked 
|  19|0x000000008d300000, 0x000000008d400000, 0x000000008d400000|100%| O|  |TAMS 0x000000008d400000, 0x000000008d300000| Updating 
|  20|0x000000008d400000, 0x000000008d500000, 0x000000008d500000|100%| O|  |TAMS 0x000000008d500000, 0x000000008d400000| Untracked 
|  21|0x000000008d500000, 0x000000008d600000, 0x000000008d600000|100%| O|  |TAMS 0x000000008d600000, 0x000000008d500000| Untracked 
|  22|0x000000008d600000, 0x000000008d700000, 0x000000008d700000|100%| O|  |TAMS 0x000000008d700000, 0x000000008d600000| Untracked 
|  23|0x000000008d700000, 0x000000008d800000, 0x000000008d800000|100%| O|  |TAMS 0x000000008d800000, 0x000000008d700000| Untracked 
|  24|0x000000008d800000, 0x000000008d900000, 0x000000008d900000|100%| O|  |TAMS 0x000000008d900000, 0x000000008d800000| Updating 
|  25|0x000000008d900000, 0x000000008da00000, 0x000000008da00000|100%| O|  |TAMS 0x000000008da00000, 0x000000008d900000| Updating 
|  26|0x000000008da00000, 0x000000008db00000, 0x000000008db00000|100%| O|  |TAMS 0x000000008db00000, 0x000000008da00000| Untracked 
|  27|0x000000008db00000, 0x000000008dc00000, 0x000000008dc00000|100%| O|  |TAMS 0x000000008dc00000, 0x000000008db00000| Untracked 
|  28|0x000000008dc00000, 0x000000008dd00000, 0x000000008dd00000|100%| O|  |TAMS 0x000000008dd00000, 0x000000008dc00000| Updating 
|  29|0x000000008dd00000, 0x000000008de00000, 0x000000008de00000|100%| O|  |TAMS 0x000000008de00000, 0x000000008dd00000| Untracked 
|  30|0x000000008de00000, 0x000000008df00000, 0x000000008df00000|100%| O|  |TAMS 0x000000008df00000, 0x000000008de00000| Untracked 
|  31|0x000000008df00000, 0x000000008e000000, 0x000000008e000000|100%| O|  |TAMS 0x000000008e000000, 0x000000008df00000| Untracked 
|  32|0x000000008e000000, 0x000000008e100000, 0x000000008e100000|100%| O|  |TAMS 0x000000008e100000, 0x000000008e000000| Untracked 
|  33|0x000000008e100000, 0x000000008e200000, 0x000000008e200000|100%| O|  |TAMS 0x000000008e200000, 0x000000008e100000| Untracked 
|  34|0x000000008e200000, 0x000000008e300000, 0x000000008e300000|100%| O|  |TAMS 0x000000008e300000, 0x000000008e200000| Untracked 
|  35|0x000000008e300000, 0x000000008e400000, 0x000000008e400000|100%| O|  |TAMS 0x000000008e400000, 0x000000008e300000| Untracked 
|  36|0x000000008e400000, 0x000000008e500000, 0x000000008e500000|100%| O|  |TAMS 0x000000008e500000, 0x000000008e400000| Untracked 
|  37|0x000000008e500000, 0x000000008e600000, 0x000000008e600000|100%| O|  |TAMS 0x000000008e600000, 0x000000008e500000| Untracked 
|  38|0x000000008e600000, 0x000000008e700000, 0x000000008e700000|100%| O|  |TAMS 0x000000008e700000, 0x000000008e600000| Untracked 
|  39|0x000000008e700000, 0x000000008e800000, 0x000000008e800000|100%| O|  |TAMS 0x000000008e800000, 0x000000008e700000| Untracked 
|  40|0x000000008e800000, 0x000000008e900000, 0x000000008e900000|100%| O|  |TAMS 0x000000008e900000, 0x000000008e800000| Untracked 
|  41|0x000000008e900000, 0x000000008ea00000, 0x000000008ea00000|100%| O|  |TAMS 0x000000008ea00000, 0x000000008e900000| Untracked 
|  42|0x000000008ea00000, 0x000000008eb00000, 0x000000008eb00000|100%| O|  |TAMS 0x000000008eb00000, 0x000000008ea00000| Untracked 
|  43|0x000000008eb00000, 0x000000008ec00000, 0x000000008ec00000|100%| O|  |TAMS 0x000000008ec00000, 0x000000008eb00000| Untracked 
|  44|0x000000008ec00000, 0x000000008ed00000, 0x000000008ed00000|100%| O|  |TAMS 0x000000008ec00000, 0x000000008ec00000| Untracked 
|  45|0x000000008ed00000, 0x000000008ee00000, 0x000000008ee00000|100%| O|  |TAMS 0x000000008ed00000, 0x000000008ed00000| Untracked 
|  46|0x000000008ee00000, 0x000000008ef00000, 0x000000008ef00000|100%| O|  |TAMS 0x000000008ee00000, 0x000000008ee00000| Updating 
|  47|0x000000008ef00000, 0x000000008f000000, 0x000000008f000000|100%|HS|  |TAMS 0x000000008ef00000, 0x000000008ef00000| Complete 
|  48|0x000000008f000000, 0x000000008f100000, 0x000000008f100000|100%| O|  |TAMS 0x000000008f100000, 0x000000008f000000| Untracked 
|  49|0x000000008f100000, 0x000000008f200000, 0x000000008f200000|100%| O|  |TAMS 0x000000008f200000, 0x000000008f100000| Updating 
|  50|0x000000008f200000, 0x000000008f300000, 0x000000008f300000|100%| O|  |TAMS 0x000000008f267400, 0x000000008f200000| Untracked 
|  51|0x000000008f300000, 0x000000008f400000, 0x000000008f400000|100%| O|  |TAMS 0x000000008f300000, 0x000000008f300000| Untracked 
|  52|0x000000008f400000, 0x000000008f500000, 0x000000008f500000|100%| O|  |TAMS 0x000000008f400000, 0x000000008f400000| Untracked 
|  53|0x000000008f500000, 0x000000008f5dc600, 0x000000008f600000| 86%| O|  |TAMS 0x000000008f500000, 0x000000008f500000| Untracked 
|  54|0x000000008f600000, 0x000000008f600000, 0x000000008f700000|  0%| F|  |TAMS 0x000000008f600000, 0x000000008f600000| Untracked 
|  55|0x000000008f700000, 0x000000008f700000, 0x000000008f800000|  0%| F|  |TAMS 0x000000008f700000, 0x000000008f700000| Untracked 
|  56|0x000000008f800000, 0x000000008f800000, 0x000000008f900000|  0%| F|  |TAMS 0x000000008f800000, 0x000000008f800000| Untracked 
|  57|0x000000008f900000, 0x000000008f900000, 0x000000008fa00000|  0%| F|  |TAMS 0x000000008f900000, 0x000000008f900000| Untracked 
|  58|0x000000008fa00000, 0x000000008fa00000, 0x000000008fb00000|  0%| F|  |TAMS 0x000000008fa00000, 0x000000008fa00000| Untracked 
|  59|0x000000008fb00000, 0x000000008fb00000, 0x000000008fc00000|  0%| F|  |TAMS 0x000000008fb00000, 0x000000008fb00000| Untracked 
|  60|0x000000008fc00000, 0x000000008fc00000, 0x000000008fd00000|  0%| F|  |TAMS 0x000000008fc00000, 0x000000008fc00000| Untracked 
|  61|0x000000008fd00000, 0x000000008fd00000, 0x000000008fe00000|  0%| F|  |TAMS 0x000000008fd00000, 0x000000008fd00000| Untracked 
|  62|0x000000008fe00000, 0x000000008fe00000, 0x000000008ff00000|  0%| F|  |TAMS 0x000000008fe00000, 0x000000008fe00000| Untracked 
|  63|0x000000008ff00000, 0x000000008ff00000, 0x0000000090000000|  0%| F|  |TAMS 0x000000008ff00000, 0x000000008ff00000| Untracked 
|  64|0x0000000090000000, 0x0000000090000000, 0x0000000090100000|  0%| F|  |TAMS 0x0000000090000000, 0x0000000090000000| Untracked 
|  65|0x0000000090100000, 0x0000000090100000, 0x0000000090200000|  0%| F|  |TAMS 0x0000000090100000, 0x0000000090100000| Untracked 
|  66|0x0000000090200000, 0x0000000090200000, 0x0000000090300000|  0%| F|  |TAMS 0x0000000090200000, 0x0000000090200000| Untracked 
|  67|0x0000000090300000, 0x0000000090300000, 0x0000000090400000|  0%| F|  |TAMS 0x0000000090300000, 0x0000000090300000| Untracked 
|  68|0x0000000090400000, 0x0000000090400000, 0x0000000090500000|  0%| F|  |TAMS 0x0000000090400000, 0x0000000090400000| Untracked 
|  69|0x0000000090500000, 0x0000000090500000, 0x0000000090600000|  0%| F|  |TAMS 0x0000000090500000, 0x0000000090500000| Untracked 
|  70|0x0000000090600000, 0x0000000090600000, 0x0000000090700000|  0%| F|  |TAMS 0x0000000090600000, 0x0000000090600000| Untracked 
|  71|0x0000000090700000, 0x0000000090700000, 0x0000000090800000|  0%| F|  |TAMS 0x0000000090700000, 0x0000000090700000| Untracked 
|  72|0x0000000090800000, 0x0000000090800000, 0x0000000090900000|  0%| F|  |TAMS 0x0000000090800000, 0x0000000090800000| Untracked 
|  73|0x0000000090900000, 0x0000000090900000, 0x0000000090a00000|  0%| F|  |TAMS 0x0000000090900000, 0x0000000090900000| Untracked 
|  74|0x0000000090a00000, 0x0000000090a00000, 0x0000000090b00000|  0%| F|  |TAMS 0x0000000090a00000, 0x0000000090a00000| Untracked 
|  75|0x0000000090b00000, 0x0000000090b00000, 0x0000000090c00000|  0%| F|  |TAMS 0x0000000090b00000, 0x0000000090b00000| Untracked 
|  76|0x0000000090c00000, 0x0000000090c00000, 0x0000000090d00000|  0%| F|  |TAMS 0x0000000090c00000, 0x0000000090c00000| Untracked 
|  77|0x0000000090d00000, 0x0000000090d00000, 0x0000000090e00000|  0%| F|  |TAMS 0x0000000090d00000, 0x0000000090d00000| Untracked 
|  78|0x0000000090e00000, 0x0000000090e00000, 0x0000000090f00000|  0%| F|  |TAMS 0x0000000090e00000, 0x0000000090e00000| Untracked 
|  79|0x0000000090f00000, 0x0000000090f00000, 0x0000000091000000|  0%| F|  |TAMS 0x0000000090f00000, 0x0000000090f00000| Untracked 
|  80|0x0000000091000000, 0x0000000091000000, 0x0000000091100000|  0%| F|  |TAMS 0x0000000091000000, 0x0000000091000000| Untracked 
|  81|0x0000000091100000, 0x0000000091100000, 0x0000000091200000|  0%| F|  |TAMS 0x0000000091100000, 0x0000000091100000| Untracked 
|  82|0x0000000091200000, 0x0000000091200000, 0x0000000091300000|  0%| F|  |TAMS 0x0000000091200000, 0x0000000091200000| Untracked 
|  83|0x0000000091300000, 0x0000000091300000, 0x0000000091400000|  0%| F|  |TAMS 0x0000000091300000, 0x0000000091300000| Untracked 
|  84|0x0000000091400000, 0x0000000091400000, 0x0000000091500000|  0%| F|  |TAMS 0x0000000091400000, 0x0000000091400000| Untracked 
|  85|0x0000000091500000, 0x0000000091500000, 0x0000000091600000|  0%| F|  |TAMS 0x0000000091500000, 0x0000000091500000| Untracked 
|  86|0x0000000091600000, 0x0000000091600000, 0x0000000091700000|  0%| F|  |TAMS 0x0000000091600000, 0x0000000091600000| Untracked 
|  87|0x0000000091700000, 0x0000000091700000, 0x0000000091800000|  0%| F|  |TAMS 0x0000000091700000, 0x0000000091700000| Untracked 
|  88|0x0000000091800000, 0x0000000091800000, 0x0000000091900000|  0%| F|  |TAMS 0x0000000091800000, 0x0000000091800000| Untracked 
|  89|0x0000000091900000, 0x0000000091900000, 0x0000000091a00000|  0%| F|  |TAMS 0x0000000091900000, 0x0000000091900000| Untracked 
|  90|0x0000000091a00000, 0x0000000091a00000, 0x0000000091b00000|  0%| F|  |TAMS 0x0000000091a00000, 0x0000000091a00000| Untracked 
|  91|0x0000000091b00000, 0x0000000091b00000, 0x0000000091c00000|  0%| F|  |TAMS 0x0000000091b00000, 0x0000000091b00000| Untracked 
|  92|0x0000000091c00000, 0x0000000091c00000, 0x0000000091d00000|  0%| F|  |TAMS 0x0000000091c00000, 0x0000000091c00000| Untracked 
|  93|0x0000000091d00000, 0x0000000091d00000, 0x0000000091e00000|  0%| F|  |TAMS 0x0000000091d00000, 0x0000000091d00000| Untracked 
|  94|0x0000000091e00000, 0x0000000091e00000, 0x0000000091f00000|  0%| F|  |TAMS 0x0000000091e00000, 0x0000000091e00000| Untracked 
|  95|0x0000000091f00000, 0x0000000091f00000, 0x0000000092000000|  0%| F|  |TAMS 0x0000000091f00000, 0x0000000091f00000| Untracked 
|  96|0x0000000092000000, 0x0000000092000000, 0x0000000092100000|  0%| F|  |TAMS 0x0000000092000000, 0x0000000092000000| Untracked 
|  97|0x0000000092100000, 0x0000000092100000, 0x0000000092200000|  0%| F|  |TAMS 0x0000000092100000, 0x0000000092100000| Untracked 
|  98|0x0000000092200000, 0x0000000092300000, 0x0000000092300000|100%| S|CS|TAMS 0x0000000092200000, 0x0000000092200000| Complete 
|  99|0x0000000092300000, 0x0000000092400000, 0x0000000092400000|100%| S|CS|TAMS 0x0000000092300000, 0x0000000092300000| Complete 
| 100|0x0000000092400000, 0x0000000092400000, 0x0000000092500000|  0%| F|  |TAMS 0x0000000092400000, 0x0000000092400000| Untracked 
| 101|0x0000000092500000, 0x0000000092500000, 0x0000000092600000|  0%| F|  |TAMS 0x0000000092500000, 0x0000000092500000| Untracked 
| 102|0x0000000092600000, 0x0000000092600000, 0x0000000092700000|  0%| F|  |TAMS 0x0000000092600000, 0x0000000092600000| Untracked 
| 103|0x0000000092700000, 0x0000000092700000, 0x0000000092800000|  0%| F|  |TAMS 0x0000000092700000, 0x0000000092700000| Untracked 
| 104|0x0000000092800000, 0x0000000092800000, 0x0000000092900000|  0%| F|  |TAMS 0x0000000092800000, 0x0000000092800000| Untracked 
| 105|0x0000000092900000, 0x0000000092900000, 0x0000000092a00000|  0%| F|  |TAMS 0x0000000092900000, 0x0000000092900000| Untracked 
| 106|0x0000000092a00000, 0x0000000092a00000, 0x0000000092b00000|  0%| F|  |TAMS 0x0000000092a00000, 0x0000000092a00000| Untracked 
| 107|0x0000000092b00000, 0x0000000092b00000, 0x0000000092c00000|  0%| F|  |TAMS 0x0000000092b00000, 0x0000000092b00000| Untracked 
| 108|0x0000000092c00000, 0x0000000092c00000, 0x0000000092d00000|  0%| F|  |TAMS 0x0000000092c00000, 0x0000000092c00000| Untracked 
| 109|0x0000000092d00000, 0x0000000092d00000, 0x0000000092e00000|  0%| F|  |TAMS 0x0000000092d00000, 0x0000000092d00000| Untracked 
| 110|0x0000000092e00000, 0x0000000092e00000, 0x0000000092f00000|  0%| F|  |TAMS 0x0000000092e00000, 0x0000000092e00000| Untracked 
| 111|0x0000000092f00000, 0x0000000092f00000, 0x0000000093000000|  0%| F|  |TAMS 0x0000000092f00000, 0x0000000092f00000| Untracked 
| 112|0x0000000093000000, 0x0000000093000000, 0x0000000093100000|  0%| F|  |TAMS 0x0000000093000000, 0x0000000093000000| Untracked 
| 113|0x0000000093100000, 0x0000000093100000, 0x0000000093200000|  0%| F|  |TAMS 0x0000000093100000, 0x0000000093100000| Untracked 
| 114|0x0000000093200000, 0x0000000093200000, 0x0000000093300000|  0%| F|  |TAMS 0x0000000093200000, 0x0000000093200000| Untracked 
| 115|0x0000000093300000, 0x0000000093300000, 0x0000000093400000|  0%| F|  |TAMS 0x0000000093300000, 0x0000000093300000| Untracked 

Card table byte_map: [0x000001d80bfa0000,0x000001d80c340000] _byte_map_base: 0x000001d80bb40000

Marking Bits (Prev, Next): (CMBitMap*) 0x000001d87f06f710, (CMBitMap*) 0x000001d87f06f6d0
 Prev Bits: [0x000001d80e3e0000, 0x000001d8100e0000)
 Next Bits: [0x000001d80c6e0000, 0x000001d80e3e0000)

Polling page: 0x000001d87eb40000

Metaspace:

Usage:
  Non-class:     69.22 MB used.
      Class:     11.51 MB used.
       Both:     80.73 MB used.

Virtual space:
  Non-class space:      128.00 MB reserved,      69.56 MB ( 54%) committed,  2 nodes.
      Class space:        1.00 GB reserved,      11.81 MB (  1%) committed,  1 nodes.
             Both:        1.12 GB reserved,      81.38 MB (  7%) committed. 

Chunk freelists:
   Non-Class:  10.36 MB
       Class:  4.20 MB
        Both:  14.56 MB

MaxMetaspaceSize: unlimited
CompressedClassSpaceSize: 1.00 GB
Initial GC threshold: 21.00 MB
Current GC threshold: 135.62 MB
CDS: off
MetaspaceReclaimPolicy: balanced
 - commit_granule_bytes: 65536.
 - commit_granule_words: 8192.
 - virtual_space_node_default_size: 8388608.
 - enlarge_chunks_in_place: 1.
 - new_chunks_are_fully_committed: 0.
 - uncommit_free_chunks: 1.
 - use_allocation_guard: 0.
 - handle_deallocations: 1.


Internal statistics:

num_allocs_failed_limit: 9.
num_arena_births: 924.
num_arena_deaths: 0.
num_vsnodes_births: 3.
num_vsnodes_deaths: 0.
num_space_committed: 1302.
num_space_uncommitted: 0.
num_chunks_returned_to_freelist: 9.
num_chunks_taken_from_freelist: 3678.
num_chunk_merges: 6.
num_chunk_splits: 2667.
num_chunks_enlarged: 2073.
num_inconsistent_stats: 0.

CodeCache: size=49152Kb used=13074Kb max_used=13074Kb free=36077Kb
 bounds [0x000001d808c00000, 0x000001d8098d0000, 0x000001d80bc00000]
 total_blobs=7843 nmethods=7109 adapters=658
 compilation: enabled
              stopped_count=0, restarted_count=0
 full_count=0

Compilation events (20 events):
Event: 22.578 Thread 0x000001d818c9dd30 7101       1       org.antlr.v4.runtime.CommonToken::setTokenIndex (6 bytes)
Event: 22.578 Thread 0x000001d818c9dd30 nmethod 7101 0x000001d8098bf490 code [0x000001d8098bf620, 0x000001d8098bf6f8]
Event: 22.578 Thread 0x000001d813403dc0 nmethod 7100 0x000001d8098bf790 code [0x000001d8098bf920, 0x000001d8098bfa38]
Event: 22.578 Thread 0x000001d813105630 nmethod 7096 0x000001d8098bfa90 code [0x000001d8098bfc60, 0x000001d8098c0008]
Event: 22.617 Thread 0x000001d813105630 7102       1       org.antlr.v4.runtime.atn.PredictionMode::getConflictingAltSubsets (81 bytes)
Event: 22.617 Thread 0x000001d813403dc0 7103       1       org.antlr.v4.runtime.misc.FlexibleHashMap::values (95 bytes)
Event: 22.618 Thread 0x000001d813105630 nmethod 7102 0x000001d8098c0210 code [0x000001d8098c0400, 0x000001d8098c08f8]
Event: 22.618 Thread 0x000001d813403dc0 nmethod 7103 0x000001d8098c0c10 code [0x000001d8098c0e20, 0x000001d8098c13a8]
Event: 22.700 Thread 0x000001d813403dc0 7104       1       org.antlr.v4.runtime.atn.PredictionMode::hasConflictingAltSet (41 bytes)
Event: 22.700 Thread 0x000001d818c9dd30 7105   !   1       org.antlr.v4.runtime.atn.ParserATNSimulator::addDFAState (173 bytes)
Event: 22.700 Thread 0x000001d813403dc0 nmethod 7104 0x000001d8098c1810 code [0x000001d8098c19e0, 0x000001d8098c1c18]
Event: 22.701 Thread 0x000001d813403dc0 7106       1       org.antlr.v4.runtime.atn.OrderedATNConfigSet::<init> (16 bytes)
Event: 22.701 Thread 0x000001d813105630 7107       1       org.antlr.v4.runtime.atn.OrderedATNConfigSet$LexerConfigHashSet::<init> (8 bytes)
Event: 22.701 Thread 0x000001d813105630 nmethod 7107 0x000001d8098c1e10 code [0x000001d8098c1fa0, 0x000001d8098c2088]
Event: 22.702 Thread 0x000001d818c9dd30 nmethod 7105 0x000001d8098c2190 code [0x000001d8098c2460, 0x000001d8098c2e28]
Event: 22.702 Thread 0x000001d813403dc0 nmethod 7106 0x000001d8098c3610 code [0x000001d8098c37c0, 0x000001d8098c39b8]
Event: 22.738 Thread 0x000001d813403dc0 7108       1       org.antlr.v4.runtime.atn.LexerATNSimulator::computeTargetState (59 bytes)
Event: 22.738 Thread 0x000001d813105630 7109   !   1       org.antlr.v4.runtime.atn.LexerATNSimulator::addDFAEdge (57 bytes)
Event: 22.739 Thread 0x000001d813105630 nmethod 7109 0x000001d8098c3b10 code [0x000001d8098c3cc0, 0x000001d8098c4078]
Event: 22.739 Thread 0x000001d813403dc0 nmethod 7108 0x000001d8098c4290 code [0x000001d8098c4480, 0x000001d8098c4828]

GC Heap History (20 events):
Event: 21.419 GC heap after
{Heap after GC invocations=27 (full 0):
 garbage-first heap   total 58368K, used 34107K [0x000000008c000000, 0x0000000100000000)
  region size 1024K, 3 young (3072K), 3 survivors (3072K)
 Metaspace       used 76905K, committed 77568K, reserved 1179648K
  class space    used 10673K, committed 11008K, reserved 1048576K
}
Event: 21.869 GC heap before
{Heap before GC invocations=28 (full 0):
 garbage-first heap   total 60416K, used 48443K [0x000000008c000000, 0x0000000100000000)
  region size 1024K, 17 young (17408K), 3 survivors (3072K)
 Metaspace       used 78991K, committed 79616K, reserved 1179648K
  class space    used 11124K, committed 11456K, reserved 1048576K
}
Event: 21.873 GC heap after
{Heap after GC invocations=29 (full 0):
 garbage-first heap   total 60416K, used 35260K [0x000000008c000000, 0x0000000100000000)
  region size 1024K, 3 young (3072K), 3 survivors (3072K)
 Metaspace       used 78991K, committed 79616K, reserved 1179648K
  class space    used 11124K, committed 11456K, reserved 1048576K
}
Event: 21.876 GC heap before
{Heap before GC invocations=29 (full 0):
 garbage-first heap   total 60416K, used 36284K [0x000000008c000000, 0x0000000100000000)
  region size 1024K, 4 young (4096K), 3 survivors (3072K)
 Metaspace       used 78991K, committed 79616K, reserved 1179648K
  class space    used 11124K, committed 11456K, reserved 1048576K
}
Event: 21.879 GC heap after
{Heap after GC invocations=30 (full 0):
 garbage-first heap   total 60416K, used 35325K [0x000000008c000000, 0x0000000100000000)
  region size 1024K, 1 young (1024K), 1 survivors (1024K)
 Metaspace       used 78991K, committed 79616K, reserved 1179648K
  class space    used 11124K, committed 11456K, reserved 1048576K
}
Event: 22.105 GC heap before
{Heap before GC invocations=30 (full 0):
 garbage-first heap   total 60416K, used 47613K [0x000000008c000000, 0x0000000100000000)
  region size 1024K, 14 young (14336K), 1 survivors (1024K)
 Metaspace       used 80298K, committed 80960K, reserved 1179648K
  class space    used 11381K, committed 11712K, reserved 1048576K
}
Event: 22.108 GC heap after
{Heap after GC invocations=31 (full 0):
 garbage-first heap   total 60416K, used 35714K [0x000000008c000000, 0x0000000100000000)
  region size 1024K, 1 young (1024K), 1 survivors (1024K)
 Metaspace       used 80298K, committed 80960K, reserved 1179648K
  class space    used 11381K, committed 11712K, reserved 1048576K
}
Event: 22.235 GC heap before
{Heap before GC invocations=32 (full 0):
 garbage-first heap   total 65536K, used 50050K [0x000000008c000000, 0x0000000100000000)
  region size 1024K, 15 young (15360K), 1 survivors (1024K)
 Metaspace       used 80766K, committed 81408K, reserved 1179648K
  class space    used 11509K, committed 11840K, reserved 1048576K
}
Event: 22.237 GC heap after
{Heap after GC invocations=33 (full 0):
 garbage-first heap   total 65536K, used 36286K [0x000000008c000000, 0x0000000100000000)
  region size 1024K, 2 young (2048K), 2 survivors (2048K)
 Metaspace       used 80766K, committed 81408K, reserved 1179648K
  class space    used 11509K, committed 11840K, reserved 1048576K
}
Event: 22.241 GC heap before
{Heap before GC invocations=33 (full 0):
 garbage-first heap   total 65536K, used 37310K [0x000000008c000000, 0x0000000100000000)
  region size 1024K, 3 young (3072K), 2 survivors (2048K)
 Metaspace       used 80766K, committed 81408K, reserved 1179648K
  class space    used 11509K, committed 11840K, reserved 1048576K
}
Event: 22.244 GC heap after
{Heap after GC invocations=34 (full 0):
 garbage-first heap   total 78848K, used 36014K [0x000000008c000000, 0x0000000100000000)
  region size 1024K, 1 young (1024K), 1 survivors (1024K)
 Metaspace       used 80766K, committed 81408K, reserved 1179648K
  class space    used 11509K, committed 11840K, reserved 1048576K
}
Event: 22.540 GC heap before
{Heap before GC invocations=34 (full 0):
 garbage-first heap   total 78848K, used 62638K [0x000000008c000000, 0x0000000100000000)
  region size 1024K, 28 young (28672K), 1 survivors (1024K)
 Metaspace       used 82579K, committed 83264K, reserved 1179648K
  class space    used 11757K, committed 12096K, reserved 1048576K
}
Event: 22.543 GC heap after
{Heap after GC invocations=35 (full 0):
 garbage-first heap   total 78848K, used 36687K [0x000000008c000000, 0x0000000100000000)
  region size 1024K, 1 young (1024K), 1 survivors (1024K)
 Metaspace       used 82579K, committed 83264K, reserved 1179648K
  class space    used 11757K, committed 12096K, reserved 1048576K
}
Event: 22.684 GC heap before
{Heap before GC invocations=36 (full 0):
 garbage-first heap   total 78848K, used 65359K [0x000000008c000000, 0x0000000100000000)
  region size 1024K, 29 young (29696K), 1 survivors (1024K)
 Metaspace       used 82667K, committed 83328K, reserved 1179648K
  class space    used 11783K, committed 12096K, reserved 1048576K
}
Event: 22.691 GC heap after
{Heap after GC invocations=37 (full 0):
 garbage-first heap   total 78848K, used 46219K [0x000000008c000000, 0x0000000100000000)
  region size 1024K, 4 young (4096K), 4 survivors (4096K)
 Metaspace       used 82667K, committed 83328K, reserved 1179648K
  class space    used 11783K, committed 12096K, reserved 1048576K
}
Event: 22.694 GC heap before
{Heap before GC invocations=37 (full 0):
 garbage-first heap   total 78848K, used 47243K [0x000000008c000000, 0x0000000100000000)
  region size 1024K, 5 young (5120K), 4 survivors (4096K)
 Metaspace       used 82667K, committed 83328K, reserved 1179648K
  class space    used 11783K, committed 12096K, reserved 1048576K
}
Event: 22.699 GC heap after
{Heap after GC invocations=38 (full 0):
 garbage-first heap   total 78848K, used 47290K [0x000000008c000000, 0x0000000100000000)
  region size 1024K, 1 young (1024K), 1 survivors (1024K)
 Metaspace       used 82667K, committed 83328K, reserved 1179648K
  class space    used 11783K, committed 12096K, reserved 1048576K
}
Event: 22.762 GC heap before
{Heap before GC invocations=38 (full 0):
 garbage-first heap   total 78848K, used 61626K [0x000000008c000000, 0x0000000100000000)
  region size 1024K, 15 young (15360K), 1 survivors (1024K)
 Metaspace       used 82667K, committed 83328K, reserved 1179648K
  class space    used 11783K, committed 12096K, reserved 1048576K
}
Event: 22.767 GC heap after
{Heap after GC invocations=39 (full 0):
 garbage-first heap   total 78848K, used 52454K [0x000000008c000000, 0x0000000100000000)
  region size 1024K, 2 young (2048K), 2 survivors (2048K)
 Metaspace       used 82667K, committed 83328K, reserved 1179648K
  class space    used 11783K, committed 12096K, reserved 1048576K
}
Event: 22.830 GC heap before
{Heap before GC invocations=39 (full 0):
 garbage-first heap   total 106496K, used 62694K [0x000000008c000000, 0x0000000100000000)
  region size 1024K, 11 young (11264K), 2 survivors (2048K)
 Metaspace       used 82667K, committed 83328K, reserved 1179648K
  class space    used 11783K, committed 12096K, reserved 1048576K
}

Deoptimization events (2 events):
Event: 9.358 Thread 0x000001d818506a20 DEOPT PACKING pc=0x000001d8093df84c sp=0x00000078063fd320
Event: 9.358 Thread 0x000001d818506a20 DEOPT UNPACKING pc=0x000001d808c52b43 sp=0x00000078063fc7e0 mode 0

Classes unloaded (0 events):
No events

Classes redefined (0 events):
No events

Internal exceptions (20 events):
Event: 19.197 Thread 0x000001d818506a20 Exception <a 'java/lang/NoSuchMethodError'{0x000000008f0cb870}: 'java.lang.Object java.lang.invoke.Invokers$Holder.linkToTargetMethod(java.lang.Object, java.lang.Object, java.lang.Object, java.lang.Object, java.lang.Object, java.lang.Object, java.lang.Object, java.lang.Object, java.lang.Object, java.lang.Object, java.lang.Object, java.lang.Object)'> (0x000000008f0cb870) 
thrown [s\open\src\hotspot\share\interpreter\linkResolver.cpp, line 759]
Event: 19.227 Thread 0x000001d818506a20 Exception <a 'java/lang/IncompatibleClassChangeError'{0x000000008ef81020}: Found class java.lang.Object, but interface was expected> (0x000000008ef81020) 
thrown [s\open\src\hotspot\share\interpreter\linkResolver.cpp, line 826]
Event: 19.282 Thread 0x000001d818506a20 Exception <a 'java/lang/IncompatibleClassChangeError'{0x000000008eebffd8}: Found class java.lang.Object, but interface was expected> (0x000000008eebffd8) 
thrown [s\open\src\hotspot\share\interpreter\linkResolver.cpp, line 826]
Event: 19.306 Thread 0x000001d818506a20 Exception <a 'java/lang/NoSuchMethodError'{0x000000008ed56d58}: 'java.lang.Object java.lang.invoke.DirectMethodHandle$Holder.newInvokeSpecial(java.lang.Object, java.lang.Object, java.lang.Object, java.lang.Object, java.lang.Object, java.lang.Object, java.lang.Object, int)'> (0x000000008ed56d58) 
thrown [s\open\src\hotspot\share\interpreter\linkResolver.cpp, line 759]
Event: 19.307 Thread 0x000001d818506a20 Exception <a 'java/lang/NoSuchMethodError'{0x000000008ed5bd50}: 'java.lang.Object java.lang.invoke.DirectMethodHandle$Holder.invokeSpecial(java.lang.Object, java.lang.Object, java.lang.Object, java.lang.Object, java.lang.Object, java.lang.Object, java.lang.Object, java.lang.Object, int)'> (0x000000008ed5bd50) 
thrown [s\open\src\hotspot\share\interpreter\linkResolver.cpp, line 759]
Event: 19.307 Thread 0x000001d818506a20 Exception <a 'java/lang/NoSuchMethodError'{0x000000008ed60818}: 'java.lang.Object java.lang.invoke.Invokers$Holder.linkToTargetMethod(java.lang.Object, java.lang.Object, java.lang.Object, java.lang.Object, java.lang.Object, java.lang.Object, int, java.lang.Object)'> (0x000000008ed60818) 
thrown [s\open\src\hotspot\share\interpreter\linkResolver.cpp, line 759]
Event: 19.353 Thread 0x000001d818506a20 Exception <a 'java/lang/NoSuchMethodError'{0x000000008ec6d5d0}: 'java.lang.Object java.lang.invoke.DirectMethodHandle$Holder.newInvokeSpecial(java.lang.Object, java.lang.Object, int, java.lang.Object, int, java.lang.Object, java.lang.Object)'> (0x000000008ec6d5d0) 
thrown [s\open\src\hotspot\share\interpreter\linkResolver.cpp, line 759]
Event: 19.385 Thread 0x000001d818506a20 Exception <a 'java/lang/NoSuchMethodError'{0x000000008eb06e10}: 'void java.lang.invoke.DirectMethodHandle$Holder.invokeInterface(java.lang.Object, java.lang.Object)'> (0x000000008eb06e10) 
thrown [s\open\src\hotspot\share\interpreter\linkResolver.cpp, line 759]
Event: 19.878 Thread 0x000001d818506a20 Exception <a 'java/lang/NoSuchMethodError'{0x00000000927c9198}: 'java.lang.Object java.lang.invoke.DirectMethodHandle$Holder.invokeStatic(java.lang.Object, int, int)'> (0x00000000927c9198) 
thrown [s\open\src\hotspot\share\interpreter\linkResolver.cpp, line 759]
Event: 19.964 Thread 0x000001d818506a20 Exception <a 'java/lang/NoSuchMethodError'{0x000000008f40f4a0}: 'java.lang.Object java.lang.invoke.DirectMethodHandle$Holder.invokeSpecial(java.lang.Object, java.lang.Object, long, java.lang.Object, java.lang.Object, java.lang.Object, java.lang.Object, java.lang.Object, java.lang.Object, java.lang.Object, java.lang.Object, java.lang.Object)'> (0x000000008f40f4a0) 
thrown [s\open\src\hotspot\share\interpreter\linkResolver.cpp, line 759]
Event: 19.965 Thread 0x000001d818506a20 Exception <a 'java/lang/NoSuchMethodError'{0x000000008f413c90}: 'java.lang.Object java.lang.invoke.DelegatingMethodHandle$Holder.reinvoke_L(java.lang.Object, long, java.lang.Object, java.lang.Object, java.lang.Object, java.lang.Object, java.lang.Object, java.lang.Object, java.lang.Object, java.lang.Object, java.lang.Object)'> (0x000000008f413c90) 
thrown [s\open\src\hotspot\share\interpreter\linkResolver.cpp, line 759]
Event: 19.968 Thread 0x000001d818506a20 Exception <a 'java/lang/NoSuchMethodError'{0x000000008f441db8}: 'java.lang.Object java.lang.invoke.DirectMethodHandle$Holder.invokeSpecial(java.lang.Object, java.lang.Object, java.lang.Object, java.lang.Object, java.lang.Object, java.lang.Object, java.lang.Object, java.lang.Object, java.lang.Object, java.lang.Object, java.lang.Object)'> (0x000000008f441db8) 
thrown [s\open\src\hotspot\share\interpreter\linkResolver.cpp, line 759]
Event: 19.968 Thread 0x000001d818506a20 Exception <a 'java/lang/NoSuchMethodError'{0x000000008f446478}: 'java.lang.Object java.lang.invoke.Invokers$Holder.linkToTargetMethod(java.lang.Object, java.lang.Object, java.lang.Object, java.lang.Object, java.lang.Object, java.lang.Object, java.lang.Object, java.lang.Object, java.lang.Object, java.lang.Object)'> (0x000000008f446478) 
thrown [s\open\src\hotspot\share\interpreter\linkResolver.cpp, line 759]
Event: 20.437 Thread 0x000001d818506a20 Exception <a 'java/lang/NoSuchMethodError'{0x000000008f20beb8}: 'java.lang.Object java.lang.invoke.DirectMethodHandle$Holder.invokeSpecial(java.lang.Object, java.lang.Object, int, java.lang.Object, int)'> (0x000000008f20beb8) 
thrown [s\open\src\hotspot\share\interpreter\linkResolver.cpp, line 759]
Event: 20.902 Thread 0x000001d818506a20 Exception <a 'java/lang/IncompatibleClassChangeError'{0x000000008eaf5bb0}: Found class java.lang.Object, but interface was expected> (0x000000008eaf5bb0) 
thrown [s\open\src\hotspot\share\interpreter\linkResolver.cpp, line 826]
Event: 20.981 Thread 0x000001d818506a20 Exception <a 'java/lang/IncompatibleClassChangeError'{0x000000009283ba58}: Found class java.lang.Object, but interface was expected> (0x000000009283ba58) 
thrown [s\open\src\hotspot\share\interpreter\linkResolver.cpp, line 826]
Event: 21.302 Thread 0x000001d818506a20 Exception <a 'java/lang/IncompatibleClassChangeError'{0x000000008eea0460}: Found class java.lang.Object, but interface was expected> (0x000000008eea0460) 
thrown [s\open\src\hotspot\share\interpreter\linkResolver.cpp, line 826]
Event: 21.442 Thread 0x000001d818506a20 Exception <a 'java/lang/reflect/InvocationTargetException'{0x00000000933907c0}> (0x00000000933907c0) 
thrown [s\open\src\hotspot\share\runtime\reflection.cpp, line 1121]
Event: 22.496 Thread 0x000001d818506a20 Exception <a 'java/lang/reflect/InvocationTargetException'{0x000000008fba7b80}> (0x000000008fba7b80) 
thrown [s\open\src\hotspot\share\runtime\reflection.cpp, line 1121]
Event: 22.571 Thread 0x000001d818506a20 Exception <a 'java/lang/reflect/InvocationTargetException'{0x000000009274a740}> (0x000000009274a740) 
thrown [s\open\src\hotspot\share\runtime\reflection.cpp, line 1121]

VM Operations (20 events):
Event: 22.237 Executing VM operation: G1CollectForAllocation done
Event: 22.241 Executing VM operation: G1CollectForAllocation
Event: 22.244 Executing VM operation: G1CollectForAllocation done
Event: 22.362 Executing VM operation: HandshakeAllThreads
Event: 22.362 Executing VM operation: HandshakeAllThreads done
Event: 22.540 Executing VM operation: G1CollectForAllocation
Event: 22.543 Executing VM operation: G1CollectForAllocation done
Event: 22.584 Executing VM operation: G1Concurrent
Event: 22.589 Executing VM operation: G1Concurrent done
Event: 22.607 Executing VM operation: G1Concurrent
Event: 22.607 Executing VM operation: G1Concurrent done
Event: 22.684 Executing VM operation: G1CollectForAllocation
Event: 22.691 Executing VM operation: G1CollectForAllocation done
Event: 22.694 Executing VM operation: G1CollectForAllocation
Event: 22.699 Executing VM operation: G1CollectForAllocation done
Event: 22.762 Executing VM operation: G1CollectForAllocation
Event: 22.767 Executing VM operation: G1CollectForAllocation done
Event: 22.824 Executing VM operation: G1Concurrent
Event: 22.829 Executing VM operation: G1Concurrent done
Event: 22.830 Executing VM operation: G1CollectForAllocation

Events (20 events):
Event: 21.393 loading class java/util/stream/ReduceOps$5
Event: 21.393 loading class java/util/stream/ReduceOps$5 done
Event: 21.393 loading class java/util/stream/ReduceOps$CountingSink$OfRef
Event: 21.393 loading class java/util/stream/ReduceOps$CountingSink
Event: 21.394 loading class java/util/stream/ReduceOps$CountingSink done
Event: 21.394 loading class java/util/stream/ReduceOps$CountingSink$OfRef done
Event: 21.469 loading class java/util/regex/Pattern$LookBehindEndNode
Event: 21.470 loading class java/util/regex/Pattern$LookBehindEndNode done
Event: 21.470 loading class java/util/regex/Pattern$NotBehind
Event: 21.470 loading class java/util/regex/Pattern$NotBehind done
Event: 21.470 loading class java/util/regex/Pattern$Behind
Event: 21.471 loading class java/util/regex/Pattern$Behind done
Event: 21.471 loading class java/util/regex/Pattern$GroupCurly
Event: 21.471 loading class java/util/regex/Pattern$GroupCurly done
Event: 21.507 loading class java/util/EmptyStackException
Event: 21.507 loading class java/util/EmptyStackException done
Event: 21.749 loading class java/io/InvalidClassException
Event: 21.750 loading class java/io/InvalidClassException done
Event: 21.770 loading class java/util/ArrayList$ListItr
Event: 21.770 loading class java/util/ArrayList$ListItr done


Dynamic libraries:
0x00007ff763630000 - 0x00007ff763640000 	C:\Program Files\Java\jdk-17\bin\javaw.exe
0x00007ffa7a280000 - 0x00007ffa7a4e0000 	C:\WINDOWS\SYSTEM32\ntdll.dll
0x00007ffa790f0000 - 0x00007ffa791b7000 	C:\WINDOWS\System32\KERNEL32.DLL
0x00007ffa77ad0000 - 0x00007ffa77e9a000 	C:\WINDOWS\System32\KERNELBASE.dll
0x00007ffa77460000 - 0x00007ffa775ab000 	C:\WINDOWS\System32\ucrtbase.dll
0x00007ffa655b0000 - 0x00007ffa655cb000 	C:\Program Files\Java\jdk-17\bin\VCRUNTIME140.dll
0x00007ffa65590000 - 0x00007ffa655a9000 	C:\Program Files\Java\jdk-17\bin\jli.dll
0x00007ffa7a0e0000 - 0x00007ffa7a192000 	C:\WINDOWS\System32\ADVAPI32.dll
0x00007ffa78080000 - 0x00007ffa78129000 	C:\WINDOWS\System32\msvcrt.dll
0x00007ffa79550000 - 0x00007ffa795f6000 	C:\WINDOWS\System32\sechost.dll
0x00007ffa78ac0000 - 0x00007ffa78bd6000 	C:\WINDOWS\System32\RPCRT4.dll
0x00007ffa78c60000 - 0x00007ffa78e2c000 	C:\WINDOWS\System32\USER32.dll
0x00007ffa77870000 - 0x00007ffa77897000 	C:\WINDOWS\System32\win32u.dll
0x00007ffa5b8f0000 - 0x00007ffa5bb87000 	C:\WINDOWS\WinSxS\amd64_microsoft.windows.common-controls_6595b64144ccf1df_6.0.26100.3624_none_3e086962e3345f24\COMCTL32.dll
0x00007ffa78eb0000 - 0x00007ffa78eda000 	C:\WINDOWS\System32\GDI32.dll
0x00007ffa77ea0000 - 0x00007ffa77fd1000 	C:\WINDOWS\System32\gdi32full.dll
0x00007ffa775b0000 - 0x00007ffa77653000 	C:\WINDOWS\System32\msvcp_win.dll
0x00007ffa70810000 - 0x00007ffa7081b000 	C:\WINDOWS\SYSTEM32\VERSION.dll
0x00007ffa79600000 - 0x00007ffa7962f000 	C:\WINDOWS\System32\IMM32.DLL
0x00007ffa6e5c0000 - 0x00007ffa6e5cc000 	C:\Program Files\Java\jdk-17\bin\vcruntime140_1.dll
0x00007ffa64020000 - 0x00007ffa640ae000 	C:\Program Files\Java\jdk-17\bin\msvcp140.dll
0x00007ff9d2dd0000 - 0x00007ff9d39b0000 	C:\Program Files\Java\jdk-17\bin\server\jvm.dll
0x00007ffa79cb0000 - 0x00007ffa79cb8000 	C:\WINDOWS\System32\PSAPI.DLL
0x00007ffa65930000 - 0x00007ffa65966000 	C:\WINDOWS\SYSTEM32\WINMM.dll
0x00007ffa4cb20000 - 0x00007ffa4cb2a000 	C:\WINDOWS\SYSTEM32\WSOCK32.dll
0x00007ffa78be0000 - 0x00007ffa78c54000 	C:\WINDOWS\System32\WS2_32.dll
0x00007ffa762e0000 - 0x00007ffa762fa000 	C:\WINDOWS\SYSTEM32\kernel.appcore.dll
0x00007ffa65730000 - 0x00007ffa6573a000 	C:\Program Files\Java\jdk-17\bin\jimage.dll
0x00007ffa643a0000 - 0x00007ffa645e1000 	C:\WINDOWS\SYSTEM32\DBGHELP.DLL
0x00007ffa791c0000 - 0x00007ffa79542000 	C:\WINDOWS\System32\combase.dll
0x00007ffa79cc0000 - 0x00007ffa79d96000 	C:\WINDOWS\System32\OLEAUT32.dll
0x00007ffa56410000 - 0x00007ffa56449000 	C:\WINDOWS\SYSTEM32\dbgcore.DLL
0x00007ffa77fe0000 - 0x00007ffa78079000 	C:\WINDOWS\System32\bcryptPrimitives.dll
0x00007ffa65500000 - 0x00007ffa65525000 	C:\Program Files\Java\jdk-17\bin\java.dll
0x00007ffa639b0000 - 0x00007ffa63a87000 	C:\Program Files\Java\jdk-17\bin\jsvml.dll
0x00007ffa78340000 - 0x00007ffa78a69000 	C:\WINDOWS\System32\SHELL32.dll
0x00007ffa77960000 - 0x00007ffa77ac8000 	C:\WINDOWS\System32\wintypes.dll
0x00007ffa750d0000 - 0x00007ffa75922000 	C:\WINDOWS\SYSTEM32\windows.storage.dll
0x00007ffa78150000 - 0x00007ffa7823d000 	C:\WINDOWS\System32\SHCORE.dll
0x00007ffa79c30000 - 0x00007ffa79c94000 	C:\WINDOWS\System32\shlwapi.dll
0x00007ffa77370000 - 0x00007ffa7739f000 	C:\WINDOWS\SYSTEM32\profapi.dll
0x00007ffa654a0000 - 0x00007ffa654b9000 	C:\Program Files\Java\jdk-17\bin\net.dll
0x00007ffa70c50000 - 0x00007ffa70d6d000 	C:\WINDOWS\SYSTEM32\WINHTTP.dll
0x00007ffa768b0000 - 0x00007ffa7691a000 	C:\WINDOWS\system32\mswsock.dll
0x00007ffa64160000 - 0x00007ffa64176000 	C:\Program Files\Java\jdk-17\bin\nio.dll
0x00007ffa64140000 - 0x00007ffa64158000 	C:\Program Files\Java\jdk-17\bin\zip.dll
0x00007ffa654f0000 - 0x00007ffa654fa000 	C:\Program Files\Java\jdk-17\bin\management.dll
0x00007ffa65380000 - 0x00007ffa6538b000 	C:\Program Files\Java\jdk-17\bin\management_ext.dll
0x00007ffa4dcc0000 - 0x00007ffa4dcd8000 	C:\WINDOWS\system32\napinsp.dll
0x00007ffa75d50000 - 0x00007ffa75e75000 	C:\WINDOWS\SYSTEM32\DNSAPI.dll
0x00007ffa75d10000 - 0x00007ffa75d43000 	C:\WINDOWS\SYSTEM32\IPHLPAPI.DLL
0x00007ffa790e0000 - 0x00007ffa790ea000 	C:\WINDOWS\System32\NSI.dll
0x00007ffa4cb30000 - 0x00007ffa4cb42000 	C:\WINDOWS\System32\winrnr.dll
0x00007ffa4ca40000 - 0x00007ffa4ca70000 	C:\WINDOWS\system32\nlansp_c.dll
0x00007ffa6ea40000 - 0x00007ffa6ea56000 	C:\WINDOWS\system32\wshbth.dll
0x00007ffa6ec10000 - 0x00007ffa6ec1b000 	C:\Windows\System32\rasadhlp.dll
0x00007ffa71310000 - 0x00007ffa71395000 	C:\WINDOWS\System32\fwpuclnt.dll
0x00007ffa76b50000 - 0x00007ffa76b6c000 	C:\WINDOWS\SYSTEM32\CRYPTSP.dll
0x00007ffa76240000 - 0x00007ffa7627a000 	C:\WINDOWS\system32\rsaenh.dll
0x00007ffa76950000 - 0x00007ffa7697b000 	C:\WINDOWS\SYSTEM32\USERENV.dll
0x00007ffa77340000 - 0x00007ffa77366000 	C:\WINDOWS\SYSTEM32\bcrypt.dll
0x00007ffa76b70000 - 0x00007ffa76b7c000 	C:\WINDOWS\SYSTEM32\CRYPTBASE.dll
0x00007ffa70f40000 - 0x00007ffa70f5f000 	C:\WINDOWS\SYSTEM32\dhcpcsvc6.DLL
0x00007ffa70f10000 - 0x00007ffa70f35000 	C:\WINDOWS\SYSTEM32\dhcpcsvc.DLL
0x00007ffa65090000 - 0x00007ffa6509e000 	C:\Program Files\Java\jdk-17\bin\sunmscapi.dll
0x00007ffa77660000 - 0x00007ffa777d7000 	C:\WINDOWS\System32\CRYPT32.dll
0x00007ffa76d50000 - 0x00007ffa76d80000 	C:\WINDOWS\SYSTEM32\ncrypt.dll
0x00007ffa76d00000 - 0x00007ffa76d3f000 	C:\WINDOWS\SYSTEM32\NTASN1.dll
0x00007ffa64100000 - 0x00007ffa64110000 	C:\Program Files\Java\jdk-17\bin\verify.dll

dbghelp: loaded successfully - version: 4.0.5 - missing functions: none
symbol engine: initialized successfully - sym options: 0x614 - pdb path: .;C:\Program Files\Java\jdk-17\bin;C:\WINDOWS\SYSTEM32;C:\WINDOWS\WinSxS\amd64_microsoft.windows.common-controls_6595b64144ccf1df_6.0.26100.3624_none_3e086962e3345f24;C:\Program Files\Java\jdk-17\bin\server

VM Arguments:
jvm_args: -Dcom.sun.management.jmxremote -Dcom.sun.management.jmxremote.port=49823 -Dcom.sun.management.jmxremote.authenticate=false -Dcom.sun.management.jmxremote.ssl=false -Djava.rmi.server.hostname=localhost -Dspring.jmx.enabled=true -Dmanagement.endpoints.jmx.exposure.include=* -Dspring.application.admin.enabled=true -Dspring.output.ansi.enabled=always -XX:TieredStopAtLevel=1 -Dspring.boot.project.name=gere-demande -Dfile.encoding=UTF-8 -Dstdout.encoding=UTF-8 -Dstderr.encoding=UTF-8 -XX:+ShowCodeDetailsInExceptionMessages 
java_command: com.cmdpfe.demande.GereDemandeApplication
java_class_path (initial): C:\Users\Pc\Documents\GitHub\CRM_EE2\CRM_EE\gere-demande\target\classes;C:\Users\Pc\.m2\repository\org\springframework\boot\spring-boot-starter-data-jpa\3.4.4\spring-boot-starter-data-jpa-3.4.4.jar;C:\Users\Pc\.m2\repository\org\springframework\boot\spring-boot-starter\3.4.4\spring-boot-starter-3.4.4.jar;C:\Users\Pc\.m2\repository\org\springframework\boot\spring-boot-starter-logging\3.4.4\spring-boot-starter-logging-3.4.4.jar;C:\Users\Pc\.m2\repository\ch\qos\logback\logback-classic\1.5.18\logback-classic-1.5.18.jar;C:\Users\Pc\.m2\repository\ch\qos\logback\logback-core\1.5.18\logback-core-1.5.18.jar;C:\Users\Pc\.m2\repository\org\apache\logging\log4j\log4j-to-slf4j\2.24.3\log4j-to-slf4j-2.24.3.jar;C:\Users\Pc\.m2\repository\org\apache\logging\log4j\log4j-api\2.24.3\log4j-api-2.24.3.jar;C:\Users\Pc\.m2\repository\org\slf4j\jul-to-slf4j\2.0.17\jul-to-slf4j-2.0.17.jar;C:\Users\Pc\.m2\repository\jakarta\annotation\jakarta.annotation-api\2.1.1\jakarta.annotation-api-2.1.1.jar;C:\Users\Pc\.m2\repository\org\yaml\snakeyaml\2.3\snakeyaml-2.3.jar;C:\Users\Pc\.m2\repository\org\springframework\boot\spring-boot-starter-jdbc\3.4.4\spring-boot-starter-jdbc-3.4.4.jar;C:\Users\Pc\.m2\repository\com\zaxxer\HikariCP\5.1.0\HikariCP-5.1.0.jar;C:\Users\Pc\.m2\repository\org\springframework\spring-jdbc\6.2.5\spring-jdbc-6.2.5.jar;C:\Users\Pc\.m2\repository\org\hibernate\orm\hibernate-core\6.6.11.Final\hibernate-core-6.6.11.Final.jar;C:\Users\Pc\.m2\repository\jakarta\persistence\jakarta.persistence-api\3.1.0\jakarta.persistence-api-3.1.0.jar;C:\Users\Pc\.m2\repository\jakarta\transaction\jakarta.transaction-api\2.0.1\jakarta.transaction-api-2.0.1.jar;C:\Users\Pc\.m2\repository\org\jboss\logging\jboss-logging\3.6.1.Final\jboss-logging-3.6.1.Final.jar;C:\Users\Pc\.m2\repository\org\hibernate\common\hibernate-commons-annotations\7.0.3.Final\hibernate-commons-annotations-7.0.3.Final.jar;C:\Users\Pc\.m2\repository\io\smallrye\jandex\3.2.0\jandex-3.2.0.jar;C:\Use
Launcher Type: SUN_STANDARD

[Global flags]
     intx CICompilerCount                          = 12                                        {product} {ergonomic}
     uint ConcGCThreads                            = 3                                         {product} {ergonomic}
     uint G1ConcRefinementThreads                  = 13                                        {product} {ergonomic}
   size_t G1HeapRegionSize                         = 1048576                                   {product} {ergonomic}
    uintx GCDrainStackTargetSize                   = 64                                        {product} {ergonomic}
   size_t InitialHeapSize                          = 121634816                                 {product} {ergonomic}
     bool ManagementServer                         = true                                      {product} {command line}
   size_t MarkStackSize                            = 4194304                                   {product} {ergonomic}
   size_t MaxHeapSize                              = 1946157056                                {product} {ergonomic}
   size_t MaxNewSize                               = 1167065088                                {product} {ergonomic}
   size_t MinHeapDeltaBytes                        = 1048576                                   {product} {ergonomic}
   size_t MinHeapSize                              = 8388608                                   {product} {ergonomic}
    uintx NonProfiledCodeHeapSize                  = 0                                      {pd product} {ergonomic}
     bool ProfileInterpreter                       = false                                  {pd product} {command line}
    uintx ProfiledCodeHeapSize                     = 0                                      {pd product} {ergonomic}
     bool ShowCodeDetailsInExceptionMessages       = true                                   {manageable} {command line}
   size_t SoftMaxHeapSize                          = 1946157056                             {manageable} {ergonomic}
     intx TieredStopAtLevel                        = 1                                         {product} {command line}
     bool UseCompressedClassPointers               = true                           {product lp64_product} {ergonomic}
     bool UseCompressedOops                        = true                           {product lp64_product} {ergonomic}
     bool UseG1GC                                  = true                                      {product} {ergonomic}
     bool UseLargePagesIndividualAllocation        = false                                  {pd product} {ergonomic}

Logging:
Log output configuration:
 #0: stdout all=warning uptime,level,tags
 #1: stderr all=off uptime,level,tags

Environment Variables:
JAVA_HOME=C:\Program Files\Java\jdk-17
PATH=C:/Users/Pc/sts-4.28.1.RELEASE//plugins/org.eclipse.justj.openjdk.hotspot.jre.full.win32.x86_64_21.0.6.v20250130-0529/jre/bin/server;C:/Users/Pc/sts-4.28.1.RELEASE//plugins/org.eclipse.justj.openjdk.hotspot.jre.full.win32.x86_64_21.0.6.v20250130-0529/jre/bin;C:\Users\Pc\Downloads\WINDOWS.X64_193000_db_home\bin;C:\Users\Pc\Downloads\WINDOWS.X64_213000_db_home\bin;C:\Program Files\Common Files\Oracle\Java\javapath;C:\Program Files\Eclipse Adoptium\jdk-21.0.4.7-hotspot\bin;C:\WINDOWS\system32;C:\WINDOWS;C:\WINDOWS\System32\Wbem;C:\WINDOWS\System32\WindowsPowerShell\v1.0\;C:\WINDOWS\System32\OpenSSH\;C:\Program Files\dotnet\;C:\Program Files\Git\cmd;C:\Program Files\Java\jdk-17\bin;C:\Program Files\nodejs\;C:\Program Files\PowerShell\7\;C:\Program Files\Docker\Docker\resources\bin;C:\Program Files\PowerShell\7-preview\preview;C:\Users\Pc\Downloads\apache-maven-3.9.9-bin\apache-maven-3.9.9\bin;C:\Users\Pc\AppData\Local\Microsoft\WindowsApps;C:\Users\Pc\AppData\Local\Programs\Microsoft VS Code\bin;C:\Users\Pc\Documents\FlutterDev\flutter\bin;C:\Users\Pc\AppData\Roaming\npm;C:\Users\Pc\AppData\Local\GitHubDesktop\bin;C:\Users\Pc\sts-4.28.1.RELEASE;
USERNAME=Pc
OS=Windows_NT
PROCESSOR_IDENTIFIER=AMD64 Family 25 Model 68 Stepping 1, AuthenticAMD



---------------  S Y S T E M  ---------------

OS:
 Windows 11 , 64 bit Build 26100 (10.0.26100.3775)
OS uptime: 0 days 10:24 hours
Hyper-V role detected

CPU: total 16 (initial active 16) (16 cores per cpu, 2 threads per core) family 25 model 68 stepping 1 microcode 0xa404101, cx8, cmov, fxsr, ht, mmx, 3dnowpref, sse, sse2, sse3, ssse3, sse4a, sse4.1, sse4.2, popcnt, lzcnt, tsc, tscinvbit, avx, avx2, aes, clmul, bmi1, bmi2, adx, sha, fma, vzeroupper, clflush, clflushopt, hv

Memory: 4k page, system-wide physical 7421M (1413M free)
TotalPageFile size 29949M (AvailPageFile size 35M)
current process WorkingSet (physical memory assigned to process): 227M, peak: 227M
current process commit charge ("private bytes"): 332M, peak: 528M

vm_info: Java HotSpot(TM) 64-Bit Server VM (17.0.12+8-LTS-286) for windows-amd64 JRE (17.0.12+8-LTS-286), built on Jun  5 2024 06:46:59 by "mach5one" with MS VC++ 17.6 (VS2022)

END.
